{"C:\\Users\\tanwm\\Desktop\\SSD\\ICT2216_Group21\\backend\\logger.js": {"path":"C:\\Users\\tanwm\\Desktop\\SSD\\ICT2216_Group21\\backend\\logger.js","statementMap":{"0":{"start":{"line":2,"column":21},"end":{"line":9,"column":5}},"1":{"start":{"line":12,"column":4},"end":{"line":24,"column":5}},"2":{"start":{"line":13,"column":8},"end":{"line":13,"column":61}},"3":{"start":{"line":14,"column":8},"end":{"line":14,"column":52}},"4":{"start":{"line":15,"column":8},"end":{"line":15,"column":44}},"5":{"start":{"line":16,"column":8},"end":{"line":16,"column":45}},"6":{"start":{"line":17,"column":8},"end":{"line":17,"column":47}},"7":{"start":{"line":19,"column":8},"end":{"line":23,"column":9}},"8":{"start":{"line":20,"column":12},"end":{"line":20,"column":47}},"9":{"start":{"line":21,"column":12},"end":{"line":21,"column":47}},"10":{"start":{"line":22,"column":12},"end":{"line":22,"column":47}},"11":{"start":{"line":26,"column":4},"end":{"line":26,"column":42}},"12":{"start":{"line":33,"column":22},"end":{"line":33,"column":82}},"13":{"start":{"line":34,"column":20},"end":{"line":34,"column":83}},"14":{"start":{"line":36,"column":4},"end":{"line":40,"column":12}},"15":{"start":{"line":47,"column":22},"end":{"line":47,"column":42}},"16":{"start":{"line":48,"column":20},"end":{"line":48,"column":61}},"17":{"start":{"line":50,"column":4},"end":{"line":54,"column":12}},"18":{"start":{"line":61,"column":22},"end":{"line":61,"column":39}},"19":{"start":{"line":63,"column":4},"end":{"line":66,"column":7}},"20":{"start":{"line":73,"column":22},"end":{"line":73,"column":41}},"21":{"start":{"line":74,"column":20},"end":{"line":74,"column":46}},"22":{"start":{"line":76,"column":4},"end":{"line":80,"column":12}},"23":{"start":{"line":84,"column":22},"end":{"line":84,"column":48}},"24":{"start":{"line":85,"column":25},"end":{"line":85,"column":57}},"25":{"start":{"line":87,"column":4},"end":{"line":92,"column":12}},"26":{"start":{"line":96,"column":0},"end":{"line":102,"column":2}}},"fnMap":{"0":{"name":"logEvent","decl":{"start":{"line":1,"column":9},"end":{"line":1,"column":17}},"loc":{"start":{"line":1,"column":65},"end":{"line":27,"column":1}},"line":1},"1":{"name":"logAuth","decl":{"start":{"line":32,"column":9},"end":{"line":32,"column":16}},"loc":{"start":{"line":32,"column":61},"end":{"line":41,"column":1}},"line":32},"2":{"name":"logBusiness","decl":{"start":{"line":46,"column":9},"end":{"line":46,"column":20}},"loc":{"start":{"line":46,"column":64},"end":{"line":55,"column":1}},"line":46},"3":{"name":"logSystem","decl":{"start":{"line":60,"column":9},"end":{"line":60,"column":18}},"loc":{"start":{"line":60,"column":50},"end":{"line":67,"column":1}},"line":60},"4":{"name":"logSecurity","decl":{"start":{"line":72,"column":9},"end":{"line":72,"column":20}},"loc":{"start":{"line":72,"column":65},"end":{"line":81,"column":1}},"line":72},"5":{"name":"logHttpError","decl":{"start":{"line":83,"column":9},"end":{"line":83,"column":21}},"loc":{"start":{"line":83,"column":70},"end":{"line":93,"column":1}},"line":83}},"branchMap":{"0":{"loc":{"start":{"line":1,"column":38},"end":{"line":1,"column":51}},"type":"default-arg","locations":[{"start":{"line":1,"column":49},"end":{"line":1,"column":51}}],"line":1},"1":{"loc":{"start":{"line":1,"column":53},"end":{"line":1,"column":63}},"type":"default-arg","locations":[{"start":{"line":1,"column":59},"end":{"line":1,"column":63}}],"line":1},"2":{"loc":{"start":{"line":7,"column":21},"end":{"line":7,"column":57}},"type":"binary-expr","locations":[{"start":{"line":7,"column":21},"end":{"line":7,"column":41}},{"start":{"line":7,"column":45},"end":{"line":7,"column":57}}],"line":7},"3":{"loc":{"start":{"line":12,"column":4},"end":{"line":24,"column":5}},"type":"if","locations":[{"start":{"line":12,"column":4},"end":{"line":24,"column":5}},{"start":{},"end":{}}],"line":12},"4":{"loc":{"start":{"line":13,"column":22},"end":{"line":13,"column":60}},"type":"binary-expr","locations":[{"start":{"line":13,"column":22},"end":{"line":13,"column":28}},{"start":{"line":13,"column":32},"end":{"line":13,"column":60}}],"line":13},"5":{"loc":{"start":{"line":19,"column":8},"end":{"line":23,"column":9}},"type":"if","locations":[{"start":{"line":19,"column":8},"end":{"line":23,"column":9}},{"start":{},"end":{}}],"line":19},"6":{"loc":{"start":{"line":32,"column":34},"end":{"line":32,"column":47}},"type":"default-arg","locations":[{"start":{"line":32,"column":45},"end":{"line":32,"column":47}}],"line":32},"7":{"loc":{"start":{"line":32,"column":49},"end":{"line":32,"column":59}},"type":"default-arg","locations":[{"start":{"line":32,"column":55},"end":{"line":32,"column":59}}],"line":32},"8":{"loc":{"start":{"line":33,"column":22},"end":{"line":33,"column":82}},"type":"cond-expr","locations":[{"start":{"line":33,"column":32},"end":{"line":33,"column":56}},{"start":{"line":33,"column":59},"end":{"line":33,"column":82}}],"line":33},"9":{"loc":{"start":{"line":34,"column":48},"end":{"line":34,"column":81}},"type":"cond-expr","locations":[{"start":{"line":34,"column":58},"end":{"line":34,"column":70}},{"start":{"line":34,"column":73},"end":{"line":34,"column":81}}],"line":34},"10":{"loc":{"start":{"line":46,"column":37},"end":{"line":46,"column":50}},"type":"default-arg","locations":[{"start":{"line":46,"column":48},"end":{"line":46,"column":50}}],"line":46},"11":{"loc":{"start":{"line":46,"column":52},"end":{"line":46,"column":62}},"type":"default-arg","locations":[{"start":{"line":46,"column":58},"end":{"line":46,"column":62}}],"line":46},"12":{"loc":{"start":{"line":60,"column":35},"end":{"line":60,"column":48}},"type":"default-arg","locations":[{"start":{"line":60,"column":46},"end":{"line":60,"column":48}}],"line":60},"13":{"loc":{"start":{"line":72,"column":38},"end":{"line":72,"column":51}},"type":"default-arg","locations":[{"start":{"line":72,"column":49},"end":{"line":72,"column":51}}],"line":72},"14":{"loc":{"start":{"line":72,"column":53},"end":{"line":72,"column":63}},"type":"default-arg","locations":[{"start":{"line":72,"column":59},"end":{"line":72,"column":63}}],"line":72},"15":{"loc":{"start":{"line":83,"column":43},"end":{"line":83,"column":56}},"type":"default-arg","locations":[{"start":{"line":83,"column":54},"end":{"line":83,"column":56}}],"line":83},"16":{"loc":{"start":{"line":83,"column":58},"end":{"line":83,"column":68}},"type":"default-arg","locations":[{"start":{"line":83,"column":64},"end":{"line":83,"column":68}}],"line":83},"17":{"loc":{"start":{"line":90,"column":18},"end":{"line":90,"column":55}},"type":"cond-expr","locations":[{"start":{"line":90,"column":38},"end":{"line":90,"column":44}},{"start":{"line":90,"column":47},"end":{"line":90,"column":55}}],"line":90}},"s":{"0":0,"1":0,"2":0,"3":0,"4":0,"5":0,"6":0,"7":0,"8":0,"9":0,"10":0,"11":0,"12":0,"13":0,"14":0,"15":0,"16":0,"17":0,"18":0,"19":0,"20":0,"21":0,"22":0,"23":0,"24":0,"25":0,"26":0},"f":{"0":0,"1":0,"2":0,"3":0,"4":0,"5":0},"b":{"0":[0],"1":[0],"2":[0,0],"3":[0,0],"4":[0,0],"5":[0,0],"6":[0],"7":[0],"8":[0,0],"9":[0,0],"10":[0],"11":[0],"12":[0],"13":[0],"14":[0],"15":[0],"16":[0],"17":[0,0]}}
,"C:\\Users\\tanwm\\Desktop\\SSD\\ICT2216_Group21\\backend\\middleware\\fieldAccessControl.js": {"path":"C:\\Users\\tanwm\\Desktop\\SSD\\ICT2216_Group21\\backend\\middleware\\fieldAccessControl.js","statementMap":{"0":{"start":{"line":2,"column":4},"end":{"line":4,"column":5}},"1":{"start":{"line":3,"column":8},"end":{"line":3,"column":67}},"2":{"start":{"line":3,"column":32},"end":{"line":3,"column":65}},"3":{"start":{"line":6,"column":21},"end":{"line":6,"column":23}},"4":{"start":{"line":7,"column":4},"end":{"line":9,"column":5}},"5":{"start":{"line":8,"column":8},"end":{"line":8,"column":57}},"6":{"start":{"line":8,"column":27},"end":{"line":8,"column":57}},"7":{"start":{"line":10,"column":4},"end":{"line":10,"column":20}},"8":{"start":{"line":14,"column":4},"end":{"line":21,"column":6}},"9":{"start":{"line":15,"column":8},"end":{"line":19,"column":10}},"10":{"start":{"line":16,"column":25},"end":{"line":16,"column":50}},"11":{"start":{"line":17,"column":34},"end":{"line":17,"column":65}},"12":{"start":{"line":18,"column":12},"end":{"line":18,"column":53}},"13":{"start":{"line":20,"column":8},"end":{"line":20,"column":15}},"14":{"start":{"line":24,"column":0},"end":{"line":26,"column":2}}},"fnMap":{"0":{"name":"filterFields","decl":{"start":{"line":1,"column":9},"end":{"line":1,"column":21}},"loc":{"start":{"line":1,"column":48},"end":{"line":11,"column":1}},"line":1},"1":{"name":"(anonymous_1)","decl":{"start":{"line":3,"column":24},"end":{"line":3,"column":25}},"loc":{"start":{"line":3,"column":32},"end":{"line":3,"column":65}},"line":3},"2":{"name":"fieldLevelAccess","decl":{"start":{"line":13,"column":9},"end":{"line":13,"column":25}},"loc":{"start":{"line":13,"column":47},"end":{"line":22,"column":1}},"line":13},"3":{"name":"(anonymous_3)","decl":{"start":{"line":14,"column":11},"end":{"line":14,"column":12}},"loc":{"start":{"line":14,"column":31},"end":{"line":21,"column":5}},"line":14},"4":{"name":"(anonymous_4)","decl":{"start":{"line":15,"column":25},"end":{"line":15,"column":26}},"loc":{"start":{"line":15,"column":35},"end":{"line":19,"column":9}},"line":15}},"branchMap":{"0":{"loc":{"start":{"line":1,"column":28},"end":{"line":1,"column":46}},"type":"default-arg","locations":[{"start":{"line":1,"column":44},"end":{"line":1,"column":46}}],"line":1},"1":{"loc":{"start":{"line":2,"column":4},"end":{"line":4,"column":5}},"type":"if","locations":[{"start":{"line":2,"column":4},"end":{"line":4,"column":5}},{"start":{},"end":{}}],"line":2},"2":{"loc":{"start":{"line":8,"column":8},"end":{"line":8,"column":57}},"type":"if","locations":[{"start":{"line":8,"column":8},"end":{"line":8,"column":57}},{"start":{},"end":{}}],"line":8},"3":{"loc":{"start":{"line":16,"column":25},"end":{"line":16,"column":50}},"type":"binary-expr","locations":[{"start":{"line":16,"column":25},"end":{"line":16,"column":39}},{"start":{"line":16,"column":43},"end":{"line":16,"column":50}}],"line":16},"4":{"loc":{"start":{"line":17,"column":34},"end":{"line":17,"column":65}},"type":"binary-expr","locations":[{"start":{"line":17,"column":34},"end":{"line":17,"column":59}},{"start":{"line":17,"column":63},"end":{"line":17,"column":65}}],"line":17}},"s":{"0":0,"1":0,"2":0,"3":0,"4":0,"5":0,"6":0,"7":0,"8":0,"9":0,"10":0,"11":0,"12":0,"13":0,"14":0},"f":{"0":0,"1":0,"2":0,"3":0,"4":0},"b":{"0":[0],"1":[0,0],"2":[0,0],"3":[0,0],"4":[0,0]}}
,"C:\\Users\\tanwm\\Desktop\\SSD\\ICT2216_Group21\\backend\\middleware\\fileUploadValidation.js": {"path":"C:\\Users\\tanwm\\Desktop\\SSD\\ICT2216_Group21\\backend\\middleware\\fileUploadValidation.js","statementMap":{"0":{"start":{"line":1,"column":11},"end":{"line":1,"column":24}},"1":{"start":{"line":2,"column":13},"end":{"line":2,"column":28}},"2":{"start":{"line":3,"column":15},"end":{"line":3,"column":32}},"3":{"start":{"line":4,"column":15},"end":{"line":4,"column":32}},"4":{"start":{"line":5,"column":14},"end":{"line":5,"column":30}},"5":{"start":{"line":6,"column":17},"end":{"line":6,"column":37}},"6":{"start":{"line":7,"column":15},"end":{"line":7,"column":33}},"7":{"start":{"line":8,"column":16},"end":{"line":8,"column":38}},"8":{"start":{"line":9,"column":13},"end":{"line":9,"column":32}},"9":{"start":{"line":11,"column":18},"end":{"line":11,"column":79}},"10":{"start":{"line":12,"column":0},"end":{"line":12,"column":76}},"11":{"start":{"line":12,"column":31},"end":{"line":12,"column":76}},"12":{"start":{"line":14,"column":21},"end":{"line":14,"column":61}},"13":{"start":{"line":15,"column":26},"end":{"line":15,"column":51}},"14":{"start":{"line":17,"column":16},"end":{"line":33,"column":2}},"15":{"start":{"line":19,"column":8},"end":{"line":19,"column":28}},"16":{"start":{"line":22,"column":29},"end":{"line":22,"column":67}},"17":{"start":{"line":23,"column":26},"end":{"line":23,"column":71}},"18":{"start":{"line":25,"column":31},"end":{"line":25,"column":76}},"19":{"start":{"line":26,"column":8},"end":{"line":28,"column":9}},"20":{"start":{"line":27,"column":12},"end":{"line":27,"column":70}},"21":{"start":{"line":30,"column":25},"end":{"line":30,"column":65}},"22":{"start":{"line":31,"column":8},"end":{"line":31,"column":27}},"23":{"start":{"line":35,"column":19},"end":{"line":39,"column":1}},"24":{"start":{"line":36,"column":16},"end":{"line":36,"column":61}},"25":{"start":{"line":37,"column":4},"end":{"line":38,"column":84}},"26":{"start":{"line":37,"column":81},"end":{"line":37,"column":96}},"27":{"start":{"line":38,"column":9},"end":{"line":38,"column":84}},"28":{"start":{"line":41,"column":15},"end":{"line":48,"column":2}},"29":{"start":{"line":50,"column":30},"end":{"line":120,"column":1}},"30":{"start":{"line":51,"column":4},"end":{"line":119,"column":5}},"31":{"start":{"line":52,"column":8},"end":{"line":52,"column":37}},"32":{"start":{"line":52,"column":23},"end":{"line":52,"column":37}},"33":{"start":{"line":54,"column":29},"end":{"line":54,"column":90}},"34":{"start":{"line":55,"column":25},"end":{"line":55,"column":76}},"35":{"start":{"line":57,"column":23},"end":{"line":57,"column":59}},"36":{"start":{"line":58,"column":21},"end":{"line":58,"column":54}},"37":{"start":{"line":59,"column":8},"end":{"line":62,"column":9}},"38":{"start":{"line":60,"column":12},"end":{"line":60,"column":36}},"39":{"start":{"line":61,"column":12},"end":{"line":61,"column":87}},"40":{"start":{"line":64,"column":8},"end":{"line":91,"column":9}},"41":{"start":{"line":65,"column":24},"end":{"line":65,"column":44}},"42":{"start":{"line":66,"column":28},"end":{"line":66,"column":44}},"43":{"start":{"line":68,"column":37},"end":{"line":68,"column":38}},"44":{"start":{"line":69,"column":12},"end":{"line":90,"column":13}},"45":{"start":{"line":70,"column":34},"end":{"line":70,"column":49}},"46":{"start":{"line":72,"column":39},"end":{"line":72,"column":64}},"47":{"start":{"line":73,"column":33},"end":{"line":73,"column":69}},"48":{"start":{"line":75,"column":16},"end":{"line":78,"column":17}},"49":{"start":{"line":76,"column":20},"end":{"line":76,"column":44}},"50":{"start":{"line":77,"column":20},"end":{"line":77,"column":104}},"51":{"start":{"line":80,"column":16},"end":{"line":83,"column":17}},"52":{"start":{"line":81,"column":20},"end":{"line":81,"column":44}},"53":{"start":{"line":82,"column":20},"end":{"line":82,"column":88}},"54":{"start":{"line":85,"column":16},"end":{"line":85,"column":61}},"55":{"start":{"line":86,"column":16},"end":{"line":89,"column":17}},"56":{"start":{"line":87,"column":20},"end":{"line":87,"column":44}},"57":{"start":{"line":88,"column":20},"end":{"line":88,"column":107}},"58":{"start":{"line":93,"column":25},"end":{"line":93,"column":57}},"59":{"start":{"line":94,"column":8},"end":{"line":97,"column":9}},"60":{"start":{"line":95,"column":12},"end":{"line":95,"column":36}},"61":{"start":{"line":96,"column":12},"end":{"line":96,"column":95}},"62":{"start":{"line":99,"column":21},"end":{"line":99,"column":43}},"63":{"start":{"line":100,"column":8},"end":{"line":103,"column":9}},"64":{"start":{"line":101,"column":12},"end":{"line":101,"column":36}},"65":{"start":{"line":102,"column":12},"end":{"line":102,"column":83}},"66":{"start":{"line":105,"column":23},"end":{"line":105,"column":34}},"67":{"start":{"line":106,"column":25},"end":{"line":106,"column":154}},"68":{"start":{"line":107,"column":26},"end":{"line":107,"column":72}},"69":{"start":{"line":108,"column":27},"end":{"line":108,"column":40}},"70":{"start":{"line":110,"column":8},"end":{"line":113,"column":9}},"71":{"start":{"line":111,"column":12},"end":{"line":111,"column":36}},"72":{"start":{"line":112,"column":12},"end":{"line":112,"column":93}},"73":{"start":{"line":115,"column":8},"end":{"line":115,"column":15}},"74":{"start":{"line":117,"column":8},"end":{"line":117,"column":54}},"75":{"start":{"line":118,"column":8},"end":{"line":118,"column":74}},"76":{"start":{"line":122,"column":0},"end":{"line":125,"column":2}}},"fnMap":{"0":{"name":"(anonymous_0)","decl":{"start":{"line":18,"column":17},"end":{"line":18,"column":18}},"loc":{"start":{"line":18,"column":36},"end":{"line":20,"column":5}},"line":18},"1":{"name":"(anonymous_1)","decl":{"start":{"line":21,"column":14},"end":{"line":21,"column":15}},"loc":{"start":{"line":21,"column":33},"end":{"line":32,"column":5}},"line":21},"2":{"name":"(anonymous_2)","decl":{"start":{"line":35,"column":19},"end":{"line":35,"column":20}},"loc":{"start":{"line":35,"column":38},"end":{"line":39,"column":1}},"line":35},"3":{"name":"(anonymous_3)","decl":{"start":{"line":50,"column":30},"end":{"line":50,"column":31}},"loc":{"start":{"line":50,"column":56},"end":{"line":120,"column":1}},"line":50}},"branchMap":{"0":{"loc":{"start":{"line":12,"column":0},"end":{"line":12,"column":76}},"type":"if","locations":[{"start":{"line":12,"column":0},"end":{"line":12,"column":76}},{"start":{},"end":{}}],"line":12},"1":{"loc":{"start":{"line":26,"column":8},"end":{"line":28,"column":9}},"type":"if","locations":[{"start":{"line":26,"column":8},"end":{"line":28,"column":9}},{"start":{},"end":{}}],"line":26},"2":{"loc":{"start":{"line":37,"column":4},"end":{"line":38,"column":84}},"type":"if","locations":[{"start":{"line":37,"column":4},"end":{"line":38,"column":84}},{"start":{"line":38,"column":9},"end":{"line":38,"column":84}}],"line":37},"3":{"loc":{"start":{"line":37,"column":8},"end":{"line":37,"column":79}},"type":"binary-expr","locations":[{"start":{"line":37,"column":8},"end":{"line":37,"column":44}},{"start":{"line":37,"column":48},"end":{"line":37,"column":79}}],"line":37},"4":{"loc":{"start":{"line":52,"column":8},"end":{"line":52,"column":37}},"type":"if","locations":[{"start":{"line":52,"column":8},"end":{"line":52,"column":37}},{"start":{},"end":{}}],"line":52},"5":{"loc":{"start":{"line":59,"column":8},"end":{"line":62,"column":9}},"type":"if","locations":[{"start":{"line":59,"column":8},"end":{"line":62,"column":9}},{"start":{},"end":{}}],"line":59},"6":{"loc":{"start":{"line":59,"column":12},"end":{"line":59,"column":54}},"type":"binary-expr","locations":[{"start":{"line":59,"column":12},"end":{"line":59,"column":17}},{"start":{"line":59,"column":21},"end":{"line":59,"column":54}}],"line":59},"7":{"loc":{"start":{"line":64,"column":8},"end":{"line":91,"column":9}},"type":"if","locations":[{"start":{"line":64,"column":8},"end":{"line":91,"column":9}},{"start":{},"end":{}}],"line":64},"8":{"loc":{"start":{"line":64,"column":12},"end":{"line":64,"column":115}},"type":"binary-expr","locations":[{"start":{"line":64,"column":12},"end":{"line":64,"column":51}},{"start":{"line":64,"column":55},"end":{"line":64,"column":115}}],"line":64},"9":{"loc":{"start":{"line":75,"column":16},"end":{"line":78,"column":17}},"type":"if","locations":[{"start":{"line":75,"column":16},"end":{"line":78,"column":17}},{"start":{},"end":{}}],"line":75},"10":{"loc":{"start":{"line":80,"column":16},"end":{"line":83,"column":17}},"type":"if","locations":[{"start":{"line":80,"column":16},"end":{"line":83,"column":17}},{"start":{},"end":{}}],"line":80},"11":{"loc":{"start":{"line":80,"column":20},"end":{"line":80,"column":74}},"type":"binary-expr","locations":[{"start":{"line":80,"column":20},"end":{"line":80,"column":44}},{"start":{"line":80,"column":48},"end":{"line":80,"column":74}}],"line":80},"12":{"loc":{"start":{"line":86,"column":16},"end":{"line":89,"column":17}},"type":"if","locations":[{"start":{"line":86,"column":16},"end":{"line":89,"column":17}},{"start":{},"end":{}}],"line":86},"13":{"loc":{"start":{"line":94,"column":8},"end":{"line":97,"column":9}},"type":"if","locations":[{"start":{"line":94,"column":8},"end":{"line":97,"column":9}},{"start":{},"end":{}}],"line":94},"14":{"loc":{"start":{"line":100,"column":8},"end":{"line":103,"column":9}},"type":"if","locations":[{"start":{"line":100,"column":8},"end":{"line":103,"column":9}},{"start":{},"end":{}}],"line":100},"15":{"loc":{"start":{"line":107,"column":26},"end":{"line":107,"column":72}},"type":"binary-expr","locations":[{"start":{"line":107,"column":26},"end":{"line":107,"column":67}},{"start":{"line":107,"column":71},"end":{"line":107,"column":72}}],"line":107},"16":{"loc":{"start":{"line":110,"column":8},"end":{"line":113,"column":9}},"type":"if","locations":[{"start":{"line":110,"column":8},"end":{"line":113,"column":9}},{"start":{},"end":{}}],"line":110}},"s":{"0":0,"1":0,"2":0,"3":0,"4":0,"5":0,"6":0,"7":0,"8":0,"9":0,"10":0,"11":0,"12":0,"13":0,"14":0,"15":0,"16":0,"17":0,"18":0,"19":0,"20":0,"21":0,"22":0,"23":0,"24":0,"25":0,"26":0,"27":0,"28":0,"29":0,"30":0,"31":0,"32":0,"33":0,"34":0,"35":0,"36":0,"37":0,"38":0,"39":0,"40":0,"41":0,"42":0,"43":0,"44":0,"45":0,"46":0,"47":0,"48":0,"49":0,"50":0,"51":0,"52":0,"53":0,"54":0,"55":0,"56":0,"57":0,"58":0,"59":0,"60":0,"61":0,"62":0,"63":0,"64":0,"65":0,"66":0,"67":0,"68":0,"69":0,"70":0,"71":0,"72":0,"73":0,"74":0,"75":0,"76":0},"f":{"0":0,"1":0,"2":0,"3":0},"b":{"0":[0,0],"1":[0,0],"2":[0,0],"3":[0,0],"4":[0,0],"5":[0,0],"6":[0,0],"7":[0,0],"8":[0,0],"9":[0,0],"10":[0,0],"11":[0,0],"12":[0,0],"13":[0,0],"14":[0,0],"15":[0,0],"16":[0,0]}}
,"C:\\Users\\tanwm\\Desktop\\SSD\\ICT2216_Group21\\backend\\middleware\\handleHybridValidation.js": {"path":"C:\\Users\\tanwm\\Desktop\\SSD\\ICT2216_Group21\\backend\\middleware\\handleHybridValidation.js","statementMap":{"0":{"start":{"line":1,"column":29},"end":{"line":1,"column":57}},"1":{"start":{"line":3,"column":0},"end":{"line":45,"column":2}},"2":{"start":{"line":4,"column":17},"end":{"line":4,"column":38}},"3":{"start":{"line":5,"column":20},"end":{"line":5,"column":37}},"4":{"start":{"line":7,"column":2},"end":{"line":7,"column":48}},"5":{"start":{"line":8,"column":2},"end":{"line":8,"column":41}},"6":{"start":{"line":9,"column":2},"end":{"line":9,"column":38}},"7":{"start":{"line":10,"column":2},"end":{"line":10,"column":30}},"8":{"start":{"line":11,"column":2},"end":{"line":11,"column":57}},"9":{"start":{"line":12,"column":2},"end":{"line":24,"column":4}},"10":{"start":{"line":17,"column":8},"end":{"line":19,"column":9}},"11":{"start":{"line":18,"column":10},"end":{"line":18,"column":30}},"12":{"start":{"line":20,"column":8},"end":{"line":20,"column":21}},"13":{"start":{"line":26,"column":2},"end":{"line":41,"column":3}},"14":{"start":{"line":27,"column":22},"end":{"line":27,"column":36}},"15":{"start":{"line":29,"column":4},"end":{"line":29,"column":78}},"16":{"start":{"line":30,"column":4},"end":{"line":30,"column":74}},"17":{"start":{"line":30,"column":29},"end":{"line":30,"column":72}},"18":{"start":{"line":33,"column":4},"end":{"line":35,"column":5}},"19":{"start":{"line":34,"column":6},"end":{"line":34,"column":57}},"20":{"start":{"line":38,"column":4},"end":{"line":38,"column":45}},"21":{"start":{"line":39,"column":4},"end":{"line":39,"column":42}},"22":{"start":{"line":40,"column":4},"end":{"line":40,"column":41}},"23":{"start":{"line":43,"column":2},"end":{"line":43,"column":50}},"24":{"start":{"line":44,"column":2},"end":{"line":44,"column":9}}},"fnMap":{"0":{"name":"(anonymous_0)","decl":{"start":{"line":3,"column":17},"end":{"line":3,"column":18}},"loc":{"start":{"line":3,"column":37},"end":{"line":45,"column":1}},"line":3},"1":{"name":"(anonymous_1)","decl":{"start":{"line":16,"column":6},"end":{"line":16,"column":7}},"loc":{"start":{"line":16,"column":22},"end":{"line":21,"column":7}},"line":16},"2":{"name":"(anonymous_2)","decl":{"start":{"line":30,"column":22},"end":{"line":30,"column":23}},"loc":{"start":{"line":30,"column":29},"end":{"line":30,"column":72}},"line":30}},"branchMap":{"0":{"loc":{"start":{"line":17,"column":8},"end":{"line":19,"column":9}},"type":"if","locations":[{"start":{"line":17,"column":8},"end":{"line":19,"column":9}},{"start":{},"end":{}}],"line":17},"1":{"loc":{"start":{"line":17,"column":12},"end":{"line":17,"column":57}},"type":"binary-expr","locations":[{"start":{"line":17,"column":12},"end":{"line":17,"column":15}},{"start":{"line":17,"column":19},"end":{"line":17,"column":57}}],"line":17},"2":{"loc":{"start":{"line":26,"column":2},"end":{"line":41,"column":3}},"type":"if","locations":[{"start":{"line":26,"column":2},"end":{"line":41,"column":3}},{"start":{},"end":{}}],"line":26},"3":{"loc":{"start":{"line":33,"column":4},"end":{"line":35,"column":5}},"type":"if","locations":[{"start":{"line":33,"column":4},"end":{"line":35,"column":5}},{"start":{},"end":{}}],"line":33},"4":{"loc":{"start":{"line":33,"column":8},"end":{"line":33,"column":94}},"type":"binary-expr","locations":[{"start":{"line":33,"column":8},"end":{"line":33,"column":42}},{"start":{"line":33,"column":46},"end":{"line":33,"column":94}}],"line":33}},"s":{"0":0,"1":0,"2":0,"3":0,"4":0,"5":0,"6":0,"7":0,"8":0,"9":0,"10":0,"11":0,"12":0,"13":0,"14":0,"15":0,"16":0,"17":0,"18":0,"19":0,"20":0,"21":0,"22":0,"23":0,"24":0},"f":{"0":0,"1":0,"2":0},"b":{"0":[0,0],"1":[0,0],"2":[0,0],"3":[0,0],"4":[0,0]}}
,"C:\\Users\\tanwm\\Desktop\\SSD\\ICT2216_Group21\\backend\\middleware\\handleValidation.js": {"path":"C:\\Users\\tanwm\\Desktop\\SSD\\ICT2216_Group21\\backend\\middleware\\handleValidation.js","statementMap":{"0":{"start":{"line":109,"column":29},"end":{"line":109,"column":57}},"1":{"start":{"line":111,"column":0},"end":{"line":161,"column":2}},"2":{"start":{"line":112,"column":17},"end":{"line":112,"column":38}},"3":{"start":{"line":113,"column":20},"end":{"line":113,"column":37}},"4":{"start":{"line":115,"column":2},"end":{"line":115,"column":48}},"5":{"start":{"line":116,"column":2},"end":{"line":116,"column":41}},"6":{"start":{"line":117,"column":2},"end":{"line":117,"column":38}},"7":{"start":{"line":118,"column":2},"end":{"line":118,"column":30}},"8":{"start":{"line":119,"column":2},"end":{"line":119,"column":57}},"9":{"start":{"line":120,"column":2},"end":{"line":132,"column":4}},"10":{"start":{"line":125,"column":8},"end":{"line":127,"column":9}},"11":{"start":{"line":126,"column":10},"end":{"line":126,"column":30}},"12":{"start":{"line":128,"column":8},"end":{"line":128,"column":21}},"13":{"start":{"line":134,"column":2},"end":{"line":157,"column":3}},"14":{"start":{"line":135,"column":22},"end":{"line":135,"column":36}},"15":{"start":{"line":137,"column":4},"end":{"line":137,"column":78}},"16":{"start":{"line":138,"column":4},"end":{"line":140,"column":7}},"17":{"start":{"line":139,"column":6},"end":{"line":139,"column":50}},"18":{"start":{"line":142,"column":4},"end":{"line":142,"column":45}},"19":{"start":{"line":143,"column":4},"end":{"line":143,"column":37}},"20":{"start":{"line":145,"column":24},"end":{"line":148,"column":5}},"21":{"start":{"line":150,"column":19},"end":{"line":150,"column":47}},"22":{"start":{"line":151,"column":4},"end":{"line":156,"column":5}},"23":{"start":{"line":152,"column":6},"end":{"line":152,"column":34}},"24":{"start":{"line":154,"column":6},"end":{"line":154,"column":105}},"25":{"start":{"line":155,"column":6},"end":{"line":155,"column":52}},"26":{"start":{"line":159,"column":2},"end":{"line":159,"column":50}},"27":{"start":{"line":160,"column":2},"end":{"line":160,"column":9}}},"fnMap":{"0":{"name":"(anonymous_0)","decl":{"start":{"line":111,"column":17},"end":{"line":111,"column":18}},"loc":{"start":{"line":111,"column":37},"end":{"line":161,"column":1}},"line":111},"1":{"name":"(anonymous_1)","decl":{"start":{"line":124,"column":6},"end":{"line":124,"column":7}},"loc":{"start":{"line":124,"column":22},"end":{"line":129,"column":7}},"line":124},"2":{"name":"(anonymous_2)","decl":{"start":{"line":138,"column":22},"end":{"line":138,"column":23}},"loc":{"start":{"line":138,"column":29},"end":{"line":140,"column":5}},"line":138}},"branchMap":{"0":{"loc":{"start":{"line":125,"column":8},"end":{"line":127,"column":9}},"type":"if","locations":[{"start":{"line":125,"column":8},"end":{"line":127,"column":9}},{"start":{},"end":{}}],"line":125},"1":{"loc":{"start":{"line":125,"column":12},"end":{"line":125,"column":57}},"type":"binary-expr","locations":[{"start":{"line":125,"column":12},"end":{"line":125,"column":15}},{"start":{"line":125,"column":19},"end":{"line":125,"column":57}}],"line":125},"2":{"loc":{"start":{"line":134,"column":2},"end":{"line":157,"column":3}},"type":"if","locations":[{"start":{"line":134,"column":2},"end":{"line":157,"column":3}},{"start":{},"end":{}}],"line":134},"3":{"loc":{"start":{"line":151,"column":4},"end":{"line":156,"column":5}},"type":"if","locations":[{"start":{"line":151,"column":4},"end":{"line":156,"column":5}},{"start":{"line":153,"column":11},"end":{"line":156,"column":5}}],"line":151}},"s":{"0":0,"1":0,"2":0,"3":0,"4":0,"5":0,"6":0,"7":0,"8":0,"9":0,"10":0,"11":0,"12":0,"13":0,"14":0,"15":0,"16":0,"17":0,"18":0,"19":0,"20":0,"21":0,"22":0,"23":0,"24":0,"25":0,"26":0,"27":0},"f":{"0":0,"1":0,"2":0},"b":{"0":[0,0],"1":[0,0],"2":[0,0],"3":[0,0]}}
,"C:\\Users\\tanwm\\Desktop\\SSD\\ICT2216_Group21\\backend\\middleware\\htmlDecoder.js": {"path":"C:\\Users\\tanwm\\Desktop\\SSD\\ICT2216_Group21\\backend\\middleware\\htmlDecoder.js","statementMap":{"0":{"start":{"line":2,"column":2},"end":{"line":2,"column":42}},"1":{"start":{"line":2,"column":31},"end":{"line":2,"column":42}},"2":{"start":{"line":4,"column":18},"end":{"line":12,"column":3}},"3":{"start":{"line":14,"column":21},"end":{"line":15,"column":78}},"4":{"start":{"line":15,"column":4},"end":{"line":15,"column":78}},"5":{"start":{"line":15,"column":67},"end":{"line":15,"column":77}},"6":{"start":{"line":17,"column":13},"end":{"line":17,"column":16}},"7":{"start":{"line":18,"column":2},"end":{"line":22,"column":3}},"8":{"start":{"line":18,"column":15},"end":{"line":18,"column":16}},"9":{"start":{"line":19,"column":20},"end":{"line":19,"column":36}},"10":{"start":{"line":20,"column":4},"end":{"line":20,"column":32}},"11":{"start":{"line":20,"column":26},"end":{"line":20,"column":32}},"12":{"start":{"line":21,"column":4},"end":{"line":21,"column":19}},"13":{"start":{"line":24,"column":2},"end":{"line":24,"column":14}},"14":{"start":{"line":28,"column":2},"end":{"line":28,"column":46}},"15":{"start":{"line":29,"column":16},"end":{"line":29,"column":19}},"16":{"start":{"line":30,"column":2},"end":{"line":35,"column":3}},"17":{"start":{"line":30,"column":15},"end":{"line":30,"column":16}},"18":{"start":{"line":31,"column":17},"end":{"line":31,"column":44}},"19":{"start":{"line":32,"column":4},"end":{"line":32,"column":54}},"20":{"start":{"line":33,"column":4},"end":{"line":33,"column":32}},"21":{"start":{"line":33,"column":26},"end":{"line":33,"column":32}},"22":{"start":{"line":34,"column":4},"end":{"line":34,"column":19}},"23":{"start":{"line":36,"column":2},"end":{"line":36,"column":17}},"24":{"start":{"line":39,"column":0},"end":{"line":42,"column":2}}},"fnMap":{"0":{"name":"decodeHtmlEntities","decl":{"start":{"line":1,"column":9},"end":{"line":1,"column":27}},"loc":{"start":{"line":1,"column":33},"end":{"line":25,"column":1}},"line":1},"1":{"name":"(anonymous_1)","decl":{"start":{"line":14,"column":21},"end":{"line":14,"column":22}},"loc":{"start":{"line":15,"column":4},"end":{"line":15,"column":78}},"line":15},"2":{"name":"(anonymous_2)","decl":{"start":{"line":15,"column":62},"end":{"line":15,"column":63}},"loc":{"start":{"line":15,"column":67},"end":{"line":15,"column":77}},"line":15},"3":{"name":"debugDecode","decl":{"start":{"line":27,"column":9},"end":{"line":27,"column":20}},"loc":{"start":{"line":27,"column":26},"end":{"line":37,"column":1}},"line":27}},"branchMap":{"0":{"loc":{"start":{"line":2,"column":2},"end":{"line":2,"column":42}},"type":"if","locations":[{"start":{"line":2,"column":2},"end":{"line":2,"column":42}},{"start":{},"end":{}}],"line":2},"1":{"loc":{"start":{"line":20,"column":4},"end":{"line":20,"column":32}},"type":"if","locations":[{"start":{"line":20,"column":4},"end":{"line":20,"column":32}},{"start":{},"end":{}}],"line":20},"2":{"loc":{"start":{"line":33,"column":4},"end":{"line":33,"column":32}},"type":"if","locations":[{"start":{"line":33,"column":4},"end":{"line":33,"column":32}},{"start":{},"end":{}}],"line":33}},"s":{"0":0,"1":0,"2":0,"3":0,"4":0,"5":0,"6":0,"7":0,"8":0,"9":0,"10":0,"11":0,"12":0,"13":0,"14":0,"15":0,"16":0,"17":0,"18":0,"19":0,"20":0,"21":0,"22":0,"23":0,"24":0},"f":{"0":0,"1":0,"2":0,"3":0},"b":{"0":[0,0],"1":[0,0],"2":[0,0]}}
,"C:\\Users\\tanwm\\Desktop\\SSD\\ICT2216_Group21\\backend\\middleware\\sanitization.js": {"path":"C:\\Users\\tanwm\\Desktop\\SSD\\ICT2216_Group21\\backend\\middleware\\sanitization.js","statementMap":{"0":{"start":{"line":1,"column":18},"end":{"line":1,"column":38}},"1":{"start":{"line":5,"column":4},"end":{"line":7,"column":5}},"2":{"start":{"line":6,"column":8},"end":{"line":6,"column":44}},"3":{"start":{"line":10,"column":4},"end":{"line":12,"column":5}},"4":{"start":{"line":11,"column":8},"end":{"line":11,"column":46}},"5":{"start":{"line":15,"column":4},"end":{"line":17,"column":5}},"6":{"start":{"line":16,"column":8},"end":{"line":16,"column":48}},"7":{"start":{"line":19,"column":4},"end":{"line":19,"column":11}},"8":{"start":{"line":27,"column":25},"end":{"line":27,"column":33}},"9":{"start":{"line":29,"column":4},"end":{"line":33,"column":6}},"10":{"start":{"line":31,"column":30},"end":{"line":31,"column":50}},"11":{"start":{"line":32,"column":8},"end":{"line":32,"column":54}},"12":{"start":{"line":35,"column":4},"end":{"line":35,"column":11}},"13":{"start":{"line":42,"column":4},"end":{"line":44,"column":5}},"14":{"start":{"line":43,"column":8},"end":{"line":43,"column":19}},"15":{"start":{"line":46,"column":4},"end":{"line":48,"column":5}},"16":{"start":{"line":47,"column":8},"end":{"line":47,"column":53}},"17":{"start":{"line":47,"column":31},"end":{"line":47,"column":51}},"18":{"start":{"line":50,"column":4},"end":{"line":56,"column":5}},"19":{"start":{"line":51,"column":26},"end":{"line":51,"column":28}},"20":{"start":{"line":52,"column":8},"end":{"line":54,"column":9}},"21":{"start":{"line":53,"column":12},"end":{"line":53,"column":56}},"22":{"start":{"line":55,"column":8},"end":{"line":55,"column":25}},"23":{"start":{"line":58,"column":4},"end":{"line":60,"column":5}},"24":{"start":{"line":59,"column":8},"end":{"line":59,"column":51}},"25":{"start":{"line":62,"column":4},"end":{"line":62,"column":15}},"26":{"start":{"line":69,"column":4},"end":{"line":69,"column":44}},"27":{"start":{"line":69,"column":33},"end":{"line":69,"column":44}},"28":{"start":{"line":72,"column":20},"end":{"line":72,"column":41}},"29":{"start":{"line":76,"column":4},"end":{"line":76,"column":47}},"30":{"start":{"line":78,"column":4},"end":{"line":78,"column":21}},"31":{"start":{"line":85,"column":25},"end":{"line":85,"column":33}},"32":{"start":{"line":87,"column":4},"end":{"line":91,"column":6}},"33":{"start":{"line":89,"column":30},"end":{"line":89,"column":58}},"34":{"start":{"line":90,"column":8},"end":{"line":90,"column":54}},"35":{"start":{"line":93,"column":4},"end":{"line":93,"column":11}},"36":{"start":{"line":100,"column":4},"end":{"line":102,"column":5}},"37":{"start":{"line":101,"column":8},"end":{"line":101,"column":19}},"38":{"start":{"line":104,"column":4},"end":{"line":106,"column":5}},"39":{"start":{"line":105,"column":8},"end":{"line":105,"column":61}},"40":{"start":{"line":105,"column":31},"end":{"line":105,"column":59}},"41":{"start":{"line":108,"column":4},"end":{"line":114,"column":5}},"42":{"start":{"line":109,"column":26},"end":{"line":109,"column":28}},"43":{"start":{"line":110,"column":8},"end":{"line":112,"column":9}},"44":{"start":{"line":111,"column":12},"end":{"line":111,"column":61}},"45":{"start":{"line":113,"column":8},"end":{"line":113,"column":25}},"46":{"start":{"line":116,"column":4},"end":{"line":116,"column":15}},"47":{"start":{"line":123,"column":4},"end":{"line":160,"column":5}},"48":{"start":{"line":125,"column":8},"end":{"line":129,"column":9}},"49":{"start":{"line":128,"column":12},"end":{"line":128,"column":25}},"50":{"start":{"line":132,"column":8},"end":{"line":134,"column":9}},"51":{"start":{"line":133,"column":12},"end":{"line":133,"column":57}},"52":{"start":{"line":137,"column":8},"end":{"line":147,"column":9}},"53":{"start":{"line":141,"column":32},"end":{"line":141,"column":56}},"54":{"start":{"line":142,"column":12},"end":{"line":145,"column":13}},"55":{"start":{"line":144,"column":16},"end":{"line":144,"column":50}},"56":{"start":{"line":146,"column":12},"end":{"line":146,"column":22}},"57":{"start":{"line":148,"column":8},"end":{"line":150,"column":9}},"58":{"start":{"line":149,"column":12},"end":{"line":149,"column":46}},"59":{"start":{"line":152,"column":8},"end":{"line":156,"column":9}},"60":{"start":{"line":155,"column":12},"end":{"line":155,"column":43}},"61":{"start":{"line":159,"column":8},"end":{"line":159,"column":39}},"62":{"start":{"line":162,"column":4},"end":{"line":164,"column":5}},"63":{"start":{"line":163,"column":8},"end":{"line":163,"column":45}},"64":{"start":{"line":166,"column":4},"end":{"line":166,"column":17}},"65":{"start":{"line":173,"column":21},"end":{"line":173,"column":30}},"66":{"start":{"line":175,"column":4},"end":{"line":202,"column":6}},"67":{"start":{"line":176,"column":27},"end":{"line":176,"column":69}},"68":{"start":{"line":177,"column":20},"end":{"line":177,"column":30}},"69":{"start":{"line":180,"column":8},"end":{"line":185,"column":9}},"70":{"start":{"line":181,"column":12},"end":{"line":181,"column":82}},"71":{"start":{"line":181,"column":56},"end":{"line":181,"column":79}},"72":{"start":{"line":182,"column":12},"end":{"line":184,"column":13}},"73":{"start":{"line":183,"column":16},"end":{"line":183,"column":37}},"74":{"start":{"line":188,"column":29},"end":{"line":188,"column":59}},"75":{"start":{"line":190,"column":8},"end":{"line":195,"column":9}},"76":{"start":{"line":191,"column":12},"end":{"line":194,"column":15}},"77":{"start":{"line":198,"column":8},"end":{"line":198,"column":31}},"78":{"start":{"line":199,"column":8},"end":{"line":199,"column":47}},"79":{"start":{"line":201,"column":8},"end":{"line":201,"column":15}},"80":{"start":{"line":205,"column":0},"end":{"line":210,"column":2}}},"fnMap":{"0":{"name":"sanitizeInput","decl":{"start":{"line":3,"column":9},"end":{"line":3,"column":22}},"loc":{"start":{"line":3,"column":39},"end":{"line":20,"column":1}},"line":3},"1":{"name":"sanitizeOutput","decl":{"start":{"line":26,"column":9},"end":{"line":26,"column":23}},"loc":{"start":{"line":26,"column":40},"end":{"line":36,"column":1}},"line":26},"2":{"name":"(anonymous_2)","decl":{"start":{"line":29,"column":15},"end":{"line":29,"column":16}},"loc":{"start":{"line":29,"column":30},"end":{"line":33,"column":5}},"line":29},"3":{"name":"sanitizeObject","decl":{"start":{"line":41,"column":9},"end":{"line":41,"column":23}},"loc":{"start":{"line":41,"column":45},"end":{"line":63,"column":1}},"line":41},"4":{"name":"(anonymous_4)","decl":{"start":{"line":47,"column":23},"end":{"line":47,"column":24}},"loc":{"start":{"line":47,"column":31},"end":{"line":47,"column":51}},"line":47},"5":{"name":"sanitizeString","decl":{"start":{"line":68,"column":9},"end":{"line":68,"column":23}},"loc":{"start":{"line":68,"column":29},"end":{"line":79,"column":1}},"line":68},"6":{"name":"sanitizeSpecificFields","decl":{"start":{"line":84,"column":9},"end":{"line":84,"column":31}},"loc":{"start":{"line":84,"column":48},"end":{"line":94,"column":1}},"line":84},"7":{"name":"(anonymous_7)","decl":{"start":{"line":87,"column":15},"end":{"line":87,"column":16}},"loc":{"start":{"line":87,"column":30},"end":{"line":91,"column":5}},"line":87},"8":{"name":"sanitizeObjectAdvanced","decl":{"start":{"line":99,"column":9},"end":{"line":99,"column":31}},"loc":{"start":{"line":99,"column":37},"end":{"line":117,"column":1}},"line":99},"9":{"name":"(anonymous_9)","decl":{"start":{"line":105,"column":23},"end":{"line":105,"column":24}},"loc":{"start":{"line":105,"column":31},"end":{"line":105,"column":59}},"line":105},"10":{"name":"sanitizeFieldByType","decl":{"start":{"line":122,"column":9},"end":{"line":122,"column":28}},"loc":{"start":{"line":122,"column":47},"end":{"line":167,"column":1}},"line":122},"11":{"name":"createRateLimiter","decl":{"start":{"line":172,"column":9},"end":{"line":172,"column":26}},"loc":{"start":{"line":172,"column":65},"end":{"line":203,"column":1}},"line":172},"12":{"name":"(anonymous_12)","decl":{"start":{"line":175,"column":11},"end":{"line":175,"column":12}},"loc":{"start":{"line":175,"column":31},"end":{"line":202,"column":5}},"line":175},"13":{"name":"(anonymous_13)","decl":{"start":{"line":181,"column":48},"end":{"line":181,"column":49}},"loc":{"start":{"line":181,"column":56},"end":{"line":181,"column":79}},"line":181}},"branchMap":{"0":{"loc":{"start":{"line":5,"column":4},"end":{"line":7,"column":5}},"type":"if","locations":[{"start":{"line":5,"column":4},"end":{"line":7,"column":5}},{"start":{},"end":{}}],"line":5},"1":{"loc":{"start":{"line":5,"column":8},"end":{"line":5,"column":48}},"type":"binary-expr","locations":[{"start":{"line":5,"column":8},"end":{"line":5,"column":16}},{"start":{"line":5,"column":20},"end":{"line":5,"column":48}}],"line":5},"2":{"loc":{"start":{"line":10,"column":4},"end":{"line":12,"column":5}},"type":"if","locations":[{"start":{"line":10,"column":4},"end":{"line":12,"column":5}},{"start":{},"end":{}}],"line":10},"3":{"loc":{"start":{"line":10,"column":8},"end":{"line":10,"column":50}},"type":"binary-expr","locations":[{"start":{"line":10,"column":8},"end":{"line":10,"column":17}},{"start":{"line":10,"column":21},"end":{"line":10,"column":50}}],"line":10},"4":{"loc":{"start":{"line":15,"column":4},"end":{"line":17,"column":5}},"type":"if","locations":[{"start":{"line":15,"column":4},"end":{"line":17,"column":5}},{"start":{},"end":{}}],"line":15},"5":{"loc":{"start":{"line":15,"column":8},"end":{"line":15,"column":52}},"type":"binary-expr","locations":[{"start":{"line":15,"column":8},"end":{"line":15,"column":18}},{"start":{"line":15,"column":22},"end":{"line":15,"column":52}}],"line":15},"6":{"loc":{"start":{"line":41,"column":29},"end":{"line":41,"column":43}},"type":"default-arg","locations":[{"start":{"line":41,"column":41},"end":{"line":41,"column":43}}],"line":41},"7":{"loc":{"start":{"line":42,"column":4},"end":{"line":44,"column":5}},"type":"if","locations":[{"start":{"line":42,"column":4},"end":{"line":44,"column":5}},{"start":{},"end":{}}],"line":42},"8":{"loc":{"start":{"line":42,"column":8},"end":{"line":42,"column":41}},"type":"binary-expr","locations":[{"start":{"line":42,"column":8},"end":{"line":42,"column":20}},{"start":{"line":42,"column":24},"end":{"line":42,"column":41}}],"line":42},"9":{"loc":{"start":{"line":46,"column":4},"end":{"line":48,"column":5}},"type":"if","locations":[{"start":{"line":46,"column":4},"end":{"line":48,"column":5}},{"start":{},"end":{}}],"line":46},"10":{"loc":{"start":{"line":50,"column":4},"end":{"line":56,"column":5}},"type":"if","locations":[{"start":{"line":50,"column":4},"end":{"line":56,"column":5}},{"start":{},"end":{}}],"line":50},"11":{"loc":{"start":{"line":58,"column":4},"end":{"line":60,"column":5}},"type":"if","locations":[{"start":{"line":58,"column":4},"end":{"line":60,"column":5}},{"start":{},"end":{}}],"line":58},"12":{"loc":{"start":{"line":69,"column":4},"end":{"line":69,"column":44}},"type":"if","locations":[{"start":{"line":69,"column":4},"end":{"line":69,"column":44}},{"start":{},"end":{}}],"line":69},"13":{"loc":{"start":{"line":100,"column":4},"end":{"line":102,"column":5}},"type":"if","locations":[{"start":{"line":100,"column":4},"end":{"line":102,"column":5}},{"start":{},"end":{}}],"line":100},"14":{"loc":{"start":{"line":100,"column":8},"end":{"line":100,"column":41}},"type":"binary-expr","locations":[{"start":{"line":100,"column":8},"end":{"line":100,"column":20}},{"start":{"line":100,"column":24},"end":{"line":100,"column":41}}],"line":100},"15":{"loc":{"start":{"line":104,"column":4},"end":{"line":106,"column":5}},"type":"if","locations":[{"start":{"line":104,"column":4},"end":{"line":106,"column":5}},{"start":{},"end":{}}],"line":104},"16":{"loc":{"start":{"line":108,"column":4},"end":{"line":114,"column":5}},"type":"if","locations":[{"start":{"line":108,"column":4},"end":{"line":114,"column":5}},{"start":{},"end":{}}],"line":108},"17":{"loc":{"start":{"line":123,"column":4},"end":{"line":160,"column":5}},"type":"if","locations":[{"start":{"line":123,"column":4},"end":{"line":160,"column":5}},{"start":{},"end":{}}],"line":123},"18":{"loc":{"start":{"line":125,"column":8},"end":{"line":129,"column":9}},"type":"if","locations":[{"start":{"line":125,"column":8},"end":{"line":129,"column":9}},{"start":{},"end":{}}],"line":125},"19":{"loc":{"start":{"line":125,"column":12},"end":{"line":127,"column":40}},"type":"binary-expr","locations":[{"start":{"line":125,"column":12},"end":{"line":125,"column":51}},{"start":{"line":126,"column":12},"end":{"line":126,"column":53}},{"start":{"line":127,"column":12},"end":{"line":127,"column":40}}],"line":125},"20":{"loc":{"start":{"line":132,"column":8},"end":{"line":134,"column":9}},"type":"if","locations":[{"start":{"line":132,"column":8},"end":{"line":134,"column":9}},{"start":{},"end":{}}],"line":132},"21":{"loc":{"start":{"line":133,"column":19},"end":{"line":133,"column":56}},"type":"binary-expr","locations":[{"start":{"line":133,"column":19},"end":{"line":133,"column":50}},{"start":{"line":133,"column":54},"end":{"line":133,"column":56}}],"line":133},"22":{"loc":{"start":{"line":137,"column":8},"end":{"line":147,"column":9}},"type":"if","locations":[{"start":{"line":137,"column":8},"end":{"line":147,"column":9}},{"start":{},"end":{}}],"line":137},"23":{"loc":{"start":{"line":137,"column":12},"end":{"line":139,"column":56}},"type":"binary-expr","locations":[{"start":{"line":137,"column":12},"end":{"line":137,"column":52}},{"start":{"line":138,"column":12},"end":{"line":138,"column":57}},{"start":{"line":139,"column":12},"end":{"line":139,"column":56}}],"line":137},"24":{"loc":{"start":{"line":142,"column":12},"end":{"line":145,"column":13}},"type":"if","locations":[{"start":{"line":142,"column":12},"end":{"line":145,"column":13}},{"start":{},"end":{}}],"line":142},"25":{"loc":{"start":{"line":148,"column":8},"end":{"line":150,"column":9}},"type":"if","locations":[{"start":{"line":148,"column":8},"end":{"line":150,"column":9}},{"start":{},"end":{}}],"line":148},"26":{"loc":{"start":{"line":152,"column":8},"end":{"line":156,"column":9}},"type":"if","locations":[{"start":{"line":152,"column":8},"end":{"line":156,"column":9}},{"start":{},"end":{}}],"line":152},"27":{"loc":{"start":{"line":152,"column":12},"end":{"line":154,"column":55}},"type":"binary-expr","locations":[{"start":{"line":152,"column":12},"end":{"line":152,"column":59}},{"start":{"line":153,"column":12},"end":{"line":153,"column":54}},{"start":{"line":154,"column":12},"end":{"line":154,"column":55}}],"line":152},"28":{"loc":{"start":{"line":162,"column":4},"end":{"line":164,"column":5}},"type":"if","locations":[{"start":{"line":162,"column":4},"end":{"line":164,"column":5}},{"start":{},"end":{}}],"line":162},"29":{"loc":{"start":{"line":172,"column":27},"end":{"line":172,"column":43}},"type":"default-arg","locations":[{"start":{"line":172,"column":41},"end":{"line":172,"column":43}}],"line":172},"30":{"loc":{"start":{"line":172,"column":45},"end":{"line":172,"column":63}},"type":"default-arg","locations":[{"start":{"line":172,"column":58},"end":{"line":172,"column":63}}],"line":172},"31":{"loc":{"start":{"line":176,"column":37},"end":{"line":176,"column":68}},"type":"binary-expr","locations":[{"start":{"line":176,"column":37},"end":{"line":176,"column":53}},{"start":{"line":176,"column":57},"end":{"line":176,"column":68}}],"line":176},"32":{"loc":{"start":{"line":182,"column":12},"end":{"line":184,"column":13}},"type":"if","locations":[{"start":{"line":182,"column":12},"end":{"line":184,"column":13}},{"start":{},"end":{}}],"line":182},"33":{"loc":{"start":{"line":188,"column":29},"end":{"line":188,"column":59}},"type":"binary-expr","locations":[{"start":{"line":188,"column":29},"end":{"line":188,"column":53}},{"start":{"line":188,"column":57},"end":{"line":188,"column":59}}],"line":188},"34":{"loc":{"start":{"line":190,"column":8},"end":{"line":195,"column":9}},"type":"if","locations":[{"start":{"line":190,"column":8},"end":{"line":195,"column":9}},{"start":{},"end":{}}],"line":190}},"s":{"0":0,"1":0,"2":0,"3":0,"4":0,"5":0,"6":0,"7":0,"8":0,"9":0,"10":0,"11":0,"12":0,"13":0,"14":0,"15":0,"16":0,"17":0,"18":0,"19":0,"20":0,"21":0,"22":0,"23":0,"24":0,"25":0,"26":0,"27":0,"28":0,"29":0,"30":0,"31":0,"32":0,"33":0,"34":0,"35":0,"36":0,"37":0,"38":0,"39":0,"40":0,"41":0,"42":0,"43":0,"44":0,"45":0,"46":0,"47":0,"48":0,"49":0,"50":0,"51":0,"52":0,"53":0,"54":0,"55":0,"56":0,"57":0,"58":0,"59":0,"60":0,"61":0,"62":0,"63":0,"64":0,"65":0,"66":0,"67":0,"68":0,"69":0,"70":0,"71":0,"72":0,"73":0,"74":0,"75":0,"76":0,"77":0,"78":0,"79":0,"80":0},"f":{"0":0,"1":0,"2":0,"3":0,"4":0,"5":0,"6":0,"7":0,"8":0,"9":0,"10":0,"11":0,"12":0,"13":0},"b":{"0":[0,0],"1":[0,0],"2":[0,0],"3":[0,0],"4":[0,0],"5":[0,0],"6":[0],"7":[0,0],"8":[0,0],"9":[0,0],"10":[0,0],"11":[0,0],"12":[0,0],"13":[0,0],"14":[0,0],"15":[0,0],"16":[0,0],"17":[0,0],"18":[0,0],"19":[0,0,0],"20":[0,0],"21":[0,0],"22":[0,0],"23":[0,0,0],"24":[0,0],"25":[0,0],"26":[0,0],"27":[0,0,0],"28":[0,0],"29":[0],"30":[0],"31":[0,0],"32":[0,0],"33":[0,0],"34":[0,0]}}
,"C:\\Users\\tanwm\\Desktop\\SSD\\ICT2216_Group21\\backend\\middleware\\validators.js": {"path":"C:\\Users\\tanwm\\Desktop\\SSD\\ICT2216_Group21\\backend\\middleware\\validators.js","statementMap":{"0":{"start":{"line":1,"column":31},"end":{"line":1,"column":59}},"1":{"start":{"line":2,"column":13},"end":{"line":2,"column":32}},"2":{"start":{"line":4,"column":0},"end":{"line":13,"column":2}},"3":{"start":{"line":15,"column":0},"end":{"line":48,"column":2}},"4":{"start":{"line":50,"column":0},"end":{"line":160,"column":2}},"5":{"start":{"line":78,"column":23},"end":{"line":78,"column":40}},"6":{"start":{"line":79,"column":6},"end":{"line":79,"column":33}},"7":{"start":{"line":79,"column":21},"end":{"line":79,"column":33}},"8":{"start":{"line":80,"column":23},"end":{"line":83,"column":7}},"9":{"start":{"line":84,"column":6},"end":{"line":87,"column":7}},"10":{"start":{"line":85,"column":8},"end":{"line":85,"column":102}},"11":{"start":{"line":86,"column":8},"end":{"line":86,"column":92}},"12":{"start":{"line":88,"column":6},"end":{"line":88,"column":18}},"13":{"start":{"line":118,"column":23},"end":{"line":118,"column":55}},"14":{"start":{"line":119,"column":6},"end":{"line":122,"column":7}},"15":{"start":{"line":120,"column":8},"end":{"line":120,"column":119}},"16":{"start":{"line":121,"column":8},"end":{"line":121,"column":65}},"17":{"start":{"line":123,"column":6},"end":{"line":123,"column":18}},"18":{"start":{"line":139,"column":20},"end":{"line":139,"column":36}},"19":{"start":{"line":140,"column":4},"end":{"line":140,"column":30}},"20":{"start":{"line":140,"column":18},"end":{"line":140,"column":30}},"21":{"start":{"line":142,"column":32},"end":{"line":142,"column":62}},"22":{"start":{"line":143,"column":34},"end":{"line":143,"column":64}},"23":{"start":{"line":145,"column":24},"end":{"line":145,"column":47}},"24":{"start":{"line":146,"column":25},"end":{"line":146,"column":50}},"25":{"start":{"line":149,"column":26},"end":{"line":149,"column":90}},"26":{"start":{"line":150,"column":21},"end":{"line":150,"column":48}},"27":{"start":{"line":152,"column":4},"end":{"line":155,"column":5}},"28":{"start":{"line":153,"column":6},"end":{"line":153,"column":124}},"29":{"start":{"line":154,"column":6},"end":{"line":154,"column":19}},"30":{"start":{"line":157,"column":4},"end":{"line":157,"column":16}},"31":{"start":{"line":163,"column":0},"end":{"line":238,"column":2}},"32":{"start":{"line":169,"column":23},"end":{"line":169,"column":40}},"33":{"start":{"line":170,"column":21},"end":{"line":173,"column":7}},"34":{"start":{"line":174,"column":6},"end":{"line":176,"column":7}},"35":{"start":{"line":175,"column":8},"end":{"line":175,"column":88}},"36":{"start":{"line":177,"column":6},"end":{"line":177,"column":18}},"37":{"start":{"line":214,"column":22},"end":{"line":214,"column":38}},"38":{"start":{"line":215,"column":6},"end":{"line":215,"column":32}},"39":{"start":{"line":215,"column":20},"end":{"line":215,"column":32}},"40":{"start":{"line":217,"column":34},"end":{"line":217,"column":64}},"41":{"start":{"line":218,"column":36},"end":{"line":218,"column":66}},"42":{"start":{"line":220,"column":26},"end":{"line":220,"column":49}},"43":{"start":{"line":221,"column":27},"end":{"line":221,"column":52}},"44":{"start":{"line":223,"column":28},"end":{"line":223,"column":92}},"45":{"start":{"line":224,"column":23},"end":{"line":224,"column":50}},"46":{"start":{"line":226,"column":6},"end":{"line":229,"column":7}},"47":{"start":{"line":227,"column":8},"end":{"line":227,"column":126}},"48":{"start":{"line":228,"column":8},"end":{"line":228,"column":21}},"49":{"start":{"line":231,"column":6},"end":{"line":231,"column":18}},"50":{"start":{"line":240,"column":0},"end":{"line":318,"column":2}},"51":{"start":{"line":253,"column":24},"end":{"line":253,"column":42}},"52":{"start":{"line":254,"column":22},"end":{"line":254,"column":35}},"53":{"start":{"line":255,"column":21},"end":{"line":258,"column":7}},"54":{"start":{"line":259,"column":6},"end":{"line":261,"column":7}},"55":{"start":{"line":260,"column":8},"end":{"line":260,"column":83}},"56":{"start":{"line":262,"column":6},"end":{"line":262,"column":18}},"57":{"start":{"line":294,"column":22},"end":{"line":294,"column":38}},"58":{"start":{"line":295,"column":6},"end":{"line":295,"column":32}},"59":{"start":{"line":295,"column":20},"end":{"line":295,"column":32}},"60":{"start":{"line":297,"column":34},"end":{"line":297,"column":64}},"61":{"start":{"line":298,"column":36},"end":{"line":298,"column":66}},"62":{"start":{"line":300,"column":26},"end":{"line":300,"column":49}},"63":{"start":{"line":301,"column":27},"end":{"line":301,"column":52}},"64":{"start":{"line":303,"column":28},"end":{"line":303,"column":92}},"65":{"start":{"line":304,"column":23},"end":{"line":304,"column":50}},"66":{"start":{"line":306,"column":6},"end":{"line":309,"column":7}},"67":{"start":{"line":307,"column":8},"end":{"line":307,"column":88}},"68":{"start":{"line":308,"column":8},"end":{"line":308,"column":21}},"69":{"start":{"line":310,"column":6},"end":{"line":310,"column":18}},"70":{"start":{"line":320,"column":0},"end":{"line":346,"column":2}},"71":{"start":{"line":348,"column":0},"end":{"line":351,"column":2}},"72":{"start":{"line":353,"column":0},"end":{"line":357,"column":2}},"73":{"start":{"line":359,"column":0},"end":{"line":366,"column":2}},"74":{"start":{"line":368,"column":0},"end":{"line":375,"column":2}},"75":{"start":{"line":377,"column":0},"end":{"line":384,"column":2}},"76":{"start":{"line":386,"column":0},"end":{"line":398,"column":2}},"77":{"start":{"line":400,"column":0},"end":{"line":412,"column":2}},"78":{"start":{"line":414,"column":0},"end":{"line":419,"column":2}}},"fnMap":{"0":{"name":"(anonymous_0)","decl":{"start":{"line":77,"column":12},"end":{"line":77,"column":13}},"loc":{"start":{"line":77,"column":38},"end":{"line":89,"column":5}},"line":77},"1":{"name":"(anonymous_1)","decl":{"start":{"line":117,"column":12},"end":{"line":117,"column":13}},"loc":{"start":{"line":117,"column":32},"end":{"line":124,"column":5}},"line":117},"2":{"name":"(anonymous_2)","decl":{"start":{"line":138,"column":10},"end":{"line":138,"column":11}},"loc":{"start":{"line":138,"column":32},"end":{"line":158,"column":3}},"line":138},"3":{"name":"(anonymous_3)","decl":{"start":{"line":168,"column":12},"end":{"line":168,"column":13}},"loc":{"start":{"line":168,"column":42},"end":{"line":178,"column":5}},"line":168},"4":{"name":"(anonymous_4)","decl":{"start":{"line":213,"column":12},"end":{"line":213,"column":13}},"loc":{"start":{"line":213,"column":34},"end":{"line":232,"column":5}},"line":213},"5":{"name":"(anonymous_5)","decl":{"start":{"line":252,"column":12},"end":{"line":252,"column":13}},"loc":{"start":{"line":252,"column":40},"end":{"line":263,"column":5}},"line":252},"6":{"name":"(anonymous_6)","decl":{"start":{"line":293,"column":12},"end":{"line":293,"column":13}},"loc":{"start":{"line":293,"column":34},"end":{"line":311,"column":5}},"line":293}},"branchMap":{"0":{"loc":{"start":{"line":79,"column":6},"end":{"line":79,"column":33}},"type":"if","locations":[{"start":{"line":79,"column":6},"end":{"line":79,"column":33}},{"start":{},"end":{}}],"line":79},"1":{"loc":{"start":{"line":84,"column":6},"end":{"line":87,"column":7}},"type":"if","locations":[{"start":{"line":84,"column":6},"end":{"line":87,"column":7}},{"start":{},"end":{}}],"line":84},"2":{"loc":{"start":{"line":119,"column":6},"end":{"line":122,"column":7}},"type":"if","locations":[{"start":{"line":119,"column":6},"end":{"line":122,"column":7}},{"start":{},"end":{}}],"line":119},"3":{"loc":{"start":{"line":119,"column":10},"end":{"line":119,"column":46}},"type":"binary-expr","locations":[{"start":{"line":119,"column":10},"end":{"line":119,"column":26}},{"start":{"line":119,"column":30},"end":{"line":119,"column":46}}],"line":119},"4":{"loc":{"start":{"line":140,"column":4},"end":{"line":140,"column":30}},"type":"if","locations":[{"start":{"line":140,"column":4},"end":{"line":140,"column":30}},{"start":{},"end":{}}],"line":140},"5":{"loc":{"start":{"line":149,"column":26},"end":{"line":149,"column":90}},"type":"cond-expr","locations":[{"start":{"line":149,"column":56},"end":{"line":149,"column":75}},{"start":{"line":149,"column":78},"end":{"line":149,"column":90}}],"line":149},"6":{"loc":{"start":{"line":152,"column":4},"end":{"line":155,"column":5}},"type":"if","locations":[{"start":{"line":152,"column":4},"end":{"line":155,"column":5}},{"start":{},"end":{}}],"line":152},"7":{"loc":{"start":{"line":152,"column":8},"end":{"line":152,"column":40}},"type":"binary-expr","locations":[{"start":{"line":152,"column":8},"end":{"line":152,"column":21}},{"start":{"line":152,"column":25},"end":{"line":152,"column":40}}],"line":152},"8":{"loc":{"start":{"line":174,"column":6},"end":{"line":176,"column":7}},"type":"if","locations":[{"start":{"line":174,"column":6},"end":{"line":176,"column":7}},{"start":{},"end":{}}],"line":174},"9":{"loc":{"start":{"line":215,"column":6},"end":{"line":215,"column":32}},"type":"if","locations":[{"start":{"line":215,"column":6},"end":{"line":215,"column":32}},{"start":{},"end":{}}],"line":215},"10":{"loc":{"start":{"line":223,"column":28},"end":{"line":223,"column":92}},"type":"cond-expr","locations":[{"start":{"line":223,"column":58},"end":{"line":223,"column":77}},{"start":{"line":223,"column":80},"end":{"line":223,"column":92}}],"line":223},"11":{"loc":{"start":{"line":226,"column":6},"end":{"line":229,"column":7}},"type":"if","locations":[{"start":{"line":226,"column":6},"end":{"line":229,"column":7}},{"start":{},"end":{}}],"line":226},"12":{"loc":{"start":{"line":226,"column":10},"end":{"line":226,"column":42}},"type":"binary-expr","locations":[{"start":{"line":226,"column":10},"end":{"line":226,"column":23}},{"start":{"line":226,"column":27},"end":{"line":226,"column":42}}],"line":226},"13":{"loc":{"start":{"line":259,"column":6},"end":{"line":261,"column":7}},"type":"if","locations":[{"start":{"line":259,"column":6},"end":{"line":261,"column":7}},{"start":{},"end":{}}],"line":259},"14":{"loc":{"start":{"line":295,"column":6},"end":{"line":295,"column":32}},"type":"if","locations":[{"start":{"line":295,"column":6},"end":{"line":295,"column":32}},{"start":{},"end":{}}],"line":295},"15":{"loc":{"start":{"line":303,"column":28},"end":{"line":303,"column":92}},"type":"cond-expr","locations":[{"start":{"line":303,"column":58},"end":{"line":303,"column":77}},{"start":{"line":303,"column":80},"end":{"line":303,"column":92}}],"line":303},"16":{"loc":{"start":{"line":306,"column":6},"end":{"line":309,"column":7}},"type":"if","locations":[{"start":{"line":306,"column":6},"end":{"line":309,"column":7}},{"start":{},"end":{}}],"line":306},"17":{"loc":{"start":{"line":306,"column":10},"end":{"line":306,"column":42}},"type":"binary-expr","locations":[{"start":{"line":306,"column":10},"end":{"line":306,"column":23}},{"start":{"line":306,"column":27},"end":{"line":306,"column":42}}],"line":306}},"s":{"0":0,"1":0,"2":0,"3":0,"4":0,"5":0,"6":0,"7":0,"8":0,"9":0,"10":0,"11":0,"12":0,"13":0,"14":0,"15":0,"16":0,"17":0,"18":0,"19":0,"20":0,"21":0,"22":0,"23":0,"24":0,"25":0,"26":0,"27":0,"28":0,"29":0,"30":0,"31":0,"32":0,"33":0,"34":0,"35":0,"36":0,"37":0,"38":0,"39":0,"40":0,"41":0,"42":0,"43":0,"44":0,"45":0,"46":0,"47":0,"48":0,"49":0,"50":0,"51":0,"52":0,"53":0,"54":0,"55":0,"56":0,"57":0,"58":0,"59":0,"60":0,"61":0,"62":0,"63":0,"64":0,"65":0,"66":0,"67":0,"68":0,"69":0,"70":0,"71":0,"72":0,"73":0,"74":0,"75":0,"76":0,"77":0,"78":0},"f":{"0":0,"1":0,"2":0,"3":0,"4":0,"5":0,"6":0},"b":{"0":[0,0],"1":[0,0],"2":[0,0],"3":[0,0],"4":[0,0],"5":[0,0],"6":[0,0],"7":[0,0],"8":[0,0],"9":[0,0],"10":[0,0],"11":[0,0],"12":[0,0],"13":[0,0],"14":[0,0],"15":[0,0],"16":[0,0],"17":[0,0]}}
,"C:\\Users\\tanwm\\Desktop\\SSD\\ICT2216_Group21\\backend\\routes\\adminDashboardApi.js": {"path":"C:\\Users\\tanwm\\Desktop\\SSD\\ICT2216_Group21\\backend\\routes\\adminDashboardApi.js","statementMap":{"0":{"start":{"line":1,"column":16},"end":{"line":1,"column":34}},"1":{"start":{"line":2,"column":13},"end":{"line":2,"column":32}},"2":{"start":{"line":3,"column":15},"end":{"line":3,"column":31}},"3":{"start":{"line":4,"column":44},"end":{"line":4,"column":78}},"4":{"start":{"line":5,"column":19},"end":{"line":5,"column":40}},"5":{"start":{"line":6,"column":11},"end":{"line":6,"column":24}},"6":{"start":{"line":7,"column":13},"end":{"line":7,"column":28}},"7":{"start":{"line":8,"column":50},"end":{"line":8,"column":87}},"8":{"start":{"line":9,"column":42},"end":{"line":9,"column":87}},"9":{"start":{"line":10,"column":13},"end":{"line":10,"column":34}},"10":{"start":{"line":11,"column":15},"end":{"line":11,"column":32}},"11":{"start":{"line":12,"column":57},"end":{"line":12,"column":77}},"12":{"start":{"line":13,"column":15},"end":{"line":13,"column":32}},"13":{"start":{"line":14,"column":29},"end":{"line":14,"column":72}},"14":{"start":{"line":17,"column":4},"end":{"line":19,"column":5}},"15":{"start":{"line":18,"column":8},"end":{"line":18,"column":54}},"16":{"start":{"line":20,"column":4},"end":{"line":20,"column":54}},"17":{"start":{"line":24,"column":20},"end":{"line":30,"column":2}},"18":{"start":{"line":32,"column":17},"end":{"line":32,"column":45}},"19":{"start":{"line":41,"column":4},"end":{"line":41,"column":39}},"20":{"start":{"line":42,"column":25},"end":{"line":42,"column":72}},"21":{"start":{"line":44,"column":0},"end":{"line":44,"column":44}},"22":{"start":{"line":46,"column":0},"end":{"line":74,"column":3}},"23":{"start":{"line":47,"column":4},"end":{"line":73,"column":5}},"24":{"start":{"line":48,"column":23},"end":{"line":60,"column":10}},"25":{"start":{"line":62,"column":35},"end":{"line":67,"column":11}},"26":{"start":{"line":62,"column":66},"end":{"line":67,"column":9}},"27":{"start":{"line":69,"column":8},"end":{"line":69,"column":37}},"28":{"start":{"line":71,"column":8},"end":{"line":71,"column":68}},"29":{"start":{"line":72,"column":8},"end":{"line":72,"column":79}},"30":{"start":{"line":76,"column":0},"end":{"line":159,"column":3}},"31":{"start":{"line":77,"column":4},"end":{"line":158,"column":5}},"32":{"start":{"line":78,"column":24},"end":{"line":78,"column":47}},"33":{"start":{"line":79,"column":24},"end":{"line":79,"column":39}},"34":{"start":{"line":81,"column":8},"end":{"line":83,"column":9}},"35":{"start":{"line":82,"column":12},"end":{"line":82,"column":71}},"36":{"start":{"line":86,"column":33},"end":{"line":91,"column":21}},"37":{"start":{"line":93,"column":8},"end":{"line":95,"column":9}},"38":{"start":{"line":94,"column":12},"end":{"line":94,"column":83}},"39":{"start":{"line":97,"column":27},"end":{"line":97,"column":51}},"40":{"start":{"line":100,"column":8},"end":{"line":104,"column":31}},"41":{"start":{"line":107,"column":30},"end":{"line":128,"column":9}},"42":{"start":{"line":130,"column":8},"end":{"line":135,"column":11}},"43":{"start":{"line":138,"column":8},"end":{"line":144,"column":16}},"44":{"start":{"line":146,"column":8},"end":{"line":153,"column":11}},"45":{"start":{"line":156,"column":8},"end":{"line":156,"column":60}},"46":{"start":{"line":157,"column":8},"end":{"line":157,"column":72}},"47":{"start":{"line":161,"column":0},"end":{"line":249,"column":3}},"48":{"start":{"line":162,"column":4},"end":{"line":248,"column":5}},"49":{"start":{"line":163,"column":24},"end":{"line":163,"column":47}},"50":{"start":{"line":164,"column":24},"end":{"line":164,"column":39}},"51":{"start":{"line":165,"column":37},"end":{"line":165,"column":45}},"52":{"start":{"line":167,"column":8},"end":{"line":169,"column":9}},"53":{"start":{"line":168,"column":12},"end":{"line":168,"column":71}},"54":{"start":{"line":171,"column":8},"end":{"line":173,"column":9}},"55":{"start":{"line":172,"column":12},"end":{"line":172,"column":102}},"56":{"start":{"line":176,"column":33},"end":{"line":181,"column":21}},"57":{"start":{"line":183,"column":8},"end":{"line":185,"column":9}},"58":{"start":{"line":184,"column":12},"end":{"line":184,"column":83}},"59":{"start":{"line":187,"column":27},"end":{"line":187,"column":51}},"60":{"start":{"line":190,"column":8},"end":{"line":194,"column":56}},"61":{"start":{"line":197,"column":31},"end":{"line":216,"column":9}},"62":{"start":{"line":218,"column":8},"end":{"line":223,"column":11}},"63":{"start":{"line":226,"column":8},"end":{"line":233,"column":16}},"64":{"start":{"line":235,"column":8},"end":{"line":243,"column":11}},"65":{"start":{"line":246,"column":8},"end":{"line":246,"column":60}},"66":{"start":{"line":247,"column":8},"end":{"line":247,"column":71}},"67":{"start":{"line":251,"column":0},"end":{"line":332,"column":3}},"68":{"start":{"line":252,"column":17},"end":{"line":252,"column":27}},"69":{"start":{"line":254,"column":2},"end":{"line":331,"column":3}},"70":{"start":{"line":256,"column":23},"end":{"line":259,"column":5}},"71":{"start":{"line":261,"column":4},"end":{"line":263,"column":5}},"72":{"start":{"line":262,"column":6},"end":{"line":262,"column":63}},"73":{"start":{"line":265,"column":17},"end":{"line":265,"column":35}},"74":{"start":{"line":268,"column":4},"end":{"line":285,"column":5}},"75":{"start":{"line":269,"column":6},"end":{"line":269,"column":75}},"76":{"start":{"line":270,"column":6},"end":{"line":270,"column":72}},"77":{"start":{"line":271,"column":22},"end":{"line":277,"column":14}},"78":{"start":{"line":279,"column":6},"end":{"line":284,"column":7}},"79":{"start":{"line":280,"column":8},"end":{"line":280,"column":75}},"80":{"start":{"line":281,"column":8},"end":{"line":283,"column":11}},"81":{"start":{"line":288,"column":18},"end":{"line":288,"column":56}},"82":{"start":{"line":289,"column":20},"end":{"line":289,"column":51}},"83":{"start":{"line":292,"column":4},"end":{"line":295,"column":6}},"84":{"start":{"line":298,"column":22},"end":{"line":298,"column":76}},"85":{"start":{"line":301,"column":4},"end":{"line":316,"column":7}},"86":{"start":{"line":319,"column":4},"end":{"line":324,"column":12}},"87":{"start":{"line":326,"column":4},"end":{"line":326,"column":72}},"88":{"start":{"line":329,"column":4},"end":{"line":329,"column":59}},"89":{"start":{"line":330,"column":4},"end":{"line":330,"column":66}},"90":{"start":{"line":335,"column":0},"end":{"line":362,"column":3}},"91":{"start":{"line":336,"column":4},"end":{"line":361,"column":5}},"92":{"start":{"line":337,"column":27},"end":{"line":337,"column":101}},"93":{"start":{"line":338,"column":33},"end":{"line":338,"column":80}},"94":{"start":{"line":339,"column":34},"end":{"line":339,"column":87}},"95":{"start":{"line":340,"column":32},"end":{"line":347,"column":10}},"96":{"start":{"line":349,"column":35},"end":{"line":349,"column":64}},"97":{"start":{"line":351,"column":8},"end":{"line":357,"column":11}},"98":{"start":{"line":359,"column":8},"end":{"line":359,"column":53}},"99":{"start":{"line":360,"column":8},"end":{"line":360,"column":75}},"100":{"start":{"line":365,"column":0},"end":{"line":376,"column":3}},"101":{"start":{"line":366,"column":4},"end":{"line":375,"column":5}},"102":{"start":{"line":367,"column":23},"end":{"line":370,"column":9}},"103":{"start":{"line":371,"column":8},"end":{"line":371,"column":30}},"104":{"start":{"line":373,"column":8},"end":{"line":373,"column":52}},"105":{"start":{"line":374,"column":8},"end":{"line":374,"column":65}},"106":{"start":{"line":379,"column":0},"end":{"line":399,"column":2}},"107":{"start":{"line":385,"column":52},"end":{"line":385,"column":60}},"108":{"start":{"line":386,"column":8},"end":{"line":397,"column":9}},"109":{"start":{"line":387,"column":29},"end":{"line":387,"column":38}},"110":{"start":{"line":388,"column":35},"end":{"line":388,"column":62}},"111":{"start":{"line":389,"column":12},"end":{"line":392,"column":14}},"112":{"start":{"line":393,"column":12},"end":{"line":393,"column":73}},"113":{"start":{"line":395,"column":12},"end":{"line":395,"column":53}},"114":{"start":{"line":396,"column":12},"end":{"line":396,"column":60}},"115":{"start":{"line":403,"column":0},"end":{"line":528,"column":3}},"116":{"start":{"line":404,"column":17},"end":{"line":404,"column":27}},"117":{"start":{"line":405,"column":18},"end":{"line":405,"column":33}},"118":{"start":{"line":406,"column":22},"end":{"line":406,"column":27}},"119":{"start":{"line":408,"column":2},"end":{"line":527,"column":3}},"120":{"start":{"line":409,"column":4},"end":{"line":409,"column":82}},"121":{"start":{"line":411,"column":20},"end":{"line":414,"column":12}},"122":{"start":{"line":416,"column":4},"end":{"line":428,"column":5}},"123":{"start":{"line":417,"column":6},"end":{"line":417,"column":93}},"124":{"start":{"line":419,"column":6},"end":{"line":425,"column":24}},"125":{"start":{"line":427,"column":6},"end":{"line":427,"column":113}},"126":{"start":{"line":430,"column":19},"end":{"line":430,"column":34}},"127":{"start":{"line":431,"column":24},"end":{"line":431,"column":48}},"128":{"start":{"line":432,"column":24},"end":{"line":432,"column":48}},"129":{"start":{"line":433,"column":24},"end":{"line":433,"column":43}},"130":{"start":{"line":435,"column":4},"end":{"line":437,"column":5}},"131":{"start":{"line":436,"column":6},"end":{"line":436,"column":95}},"132":{"start":{"line":439,"column":4},"end":{"line":441,"column":5}},"133":{"start":{"line":440,"column":6},"end":{"line":440,"column":82}},"134":{"start":{"line":443,"column":4},"end":{"line":445,"column":5}},"135":{"start":{"line":444,"column":6},"end":{"line":444,"column":82}},"136":{"start":{"line":448,"column":4},"end":{"line":456,"column":5}},"137":{"start":{"line":449,"column":6},"end":{"line":453,"column":38}},"138":{"start":{"line":455,"column":6},"end":{"line":455,"column":87}},"139":{"start":{"line":459,"column":29},"end":{"line":459,"column":54}},"140":{"start":{"line":461,"column":4},"end":{"line":512,"column":5}},"141":{"start":{"line":462,"column":6},"end":{"line":462,"column":76}},"142":{"start":{"line":463,"column":6},"end":{"line":463,"column":32}},"143":{"start":{"line":464,"column":6},"end":{"line":464,"column":27}},"144":{"start":{"line":466,"column":6},"end":{"line":466,"column":84}},"145":{"start":{"line":468,"column":6},"end":{"line":468,"column":81}},"146":{"start":{"line":469,"column":6},"end":{"line":474,"column":15}},"147":{"start":{"line":476,"column":6},"end":{"line":476,"column":71}},"148":{"start":{"line":477,"column":6},"end":{"line":477,"column":76}},"149":{"start":{"line":478,"column":6},"end":{"line":478,"column":92}},"150":{"start":{"line":480,"column":27},"end":{"line":480,"column":100}},"151":{"start":{"line":481,"column":6},"end":{"line":496,"column":7}},"152":{"start":{"line":482,"column":25},"end":{"line":482,"column":67}},"153":{"start":{"line":482,"column":54},"end":{"line":482,"column":66}},"154":{"start":{"line":484,"column":8},"end":{"line":489,"column":23}},"155":{"start":{"line":491,"column":8},"end":{"line":491,"column":85}},"156":{"start":{"line":492,"column":8},"end":{"line":492,"column":90}},"157":{"start":{"line":493,"column":8},"end":{"line":493,"column":73}},"158":{"start":{"line":494,"column":8},"end":{"line":495,"column":17}},"159":{"start":{"line":498,"column":21},"end":{"line":498,"column":95}},"160":{"start":{"line":499,"column":6},"end":{"line":502,"column":7}},"161":{"start":{"line":500,"column":8},"end":{"line":500,"column":37}},"162":{"start":{"line":501,"column":8},"end":{"line":501,"column":82}},"163":{"start":{"line":504,"column":6},"end":{"line":504,"column":106}},"164":{"start":{"line":506,"column":6},"end":{"line":506,"column":150}},"165":{"start":{"line":508,"column":6},"end":{"line":508,"column":33}},"166":{"start":{"line":510,"column":6},"end":{"line":510,"column":68}},"167":{"start":{"line":511,"column":6},"end":{"line":511,"column":67}},"168":{"start":{"line":515,"column":4},"end":{"line":518,"column":45}},"169":{"start":{"line":520,"column":4},"end":{"line":520,"column":83}},"170":{"start":{"line":521,"column":4},"end":{"line":521,"column":94}},"171":{"start":{"line":524,"column":4},"end":{"line":524,"column":52}},"172":{"start":{"line":524,"column":23},"end":{"line":524,"column":52}},"173":{"start":{"line":525,"column":4},"end":{"line":525,"column":54}},"174":{"start":{"line":526,"column":4},"end":{"line":526,"column":68}},"175":{"start":{"line":531,"column":0},"end":{"line":556,"column":2}},"176":{"start":{"line":543,"column":23},"end":{"line":543,"column":33}},"177":{"start":{"line":544,"column":59},"end":{"line":544,"column":67}},"178":{"start":{"line":545,"column":8},"end":{"line":554,"column":9}},"179":{"start":{"line":546,"column":12},"end":{"line":549,"column":14}},"180":{"start":{"line":550,"column":12},"end":{"line":550,"column":50}},"181":{"start":{"line":552,"column":12},"end":{"line":552,"column":55}},"182":{"start":{"line":553,"column":12},"end":{"line":553,"column":69}},"183":{"start":{"line":559,"column":0},"end":{"line":570,"column":3}},"184":{"start":{"line":560,"column":19},"end":{"line":560,"column":29}},"185":{"start":{"line":562,"column":4},"end":{"line":569,"column":5}},"186":{"start":{"line":563,"column":23},"end":{"line":563,"column":133}},"187":{"start":{"line":564,"column":8},"end":{"line":564,"column":95}},"188":{"start":{"line":564,"column":38},"end":{"line":564,"column":95}},"189":{"start":{"line":565,"column":8},"end":{"line":565,"column":33}},"190":{"start":{"line":567,"column":8},"end":{"line":567,"column":51}},"191":{"start":{"line":568,"column":8},"end":{"line":568,"column":65}},"192":{"start":{"line":573,"column":0},"end":{"line":681,"column":3}},"193":{"start":{"line":574,"column":17},"end":{"line":574,"column":27}},"194":{"start":{"line":575,"column":22},"end":{"line":575,"column":37}},"195":{"start":{"line":577,"column":2},"end":{"line":680,"column":3}},"196":{"start":{"line":578,"column":4},"end":{"line":578,"column":81}},"197":{"start":{"line":579,"column":23},"end":{"line":579,"column":90}},"198":{"start":{"line":580,"column":4},"end":{"line":582,"column":5}},"199":{"start":{"line":581,"column":6},"end":{"line":581,"column":63}},"200":{"start":{"line":584,"column":23},"end":{"line":584,"column":46}},"201":{"start":{"line":585,"column":4},"end":{"line":585,"column":74}},"202":{"start":{"line":588,"column":4},"end":{"line":670,"column":5}},"203":{"start":{"line":589,"column":25},"end":{"line":593,"column":14}},"204":{"start":{"line":596,"column":6},"end":{"line":657,"column":7}},"205":{"start":{"line":597,"column":24},"end":{"line":597,"column":42}},"206":{"start":{"line":599,"column":8},"end":{"line":601,"column":9}},"207":{"start":{"line":600,"column":10},"end":{"line":600,"column":114}},"208":{"start":{"line":603,"column":28},"end":{"line":603,"column":53}},"209":{"start":{"line":604,"column":28},"end":{"line":604,"column":53}},"210":{"start":{"line":606,"column":8},"end":{"line":614,"column":9}},"211":{"start":{"line":607,"column":12},"end":{"line":611,"column":49}},"212":{"start":{"line":613,"column":12},"end":{"line":613,"column":89}},"213":{"start":{"line":616,"column":8},"end":{"line":618,"column":9}},"214":{"start":{"line":617,"column":10},"end":{"line":617,"column":87}},"215":{"start":{"line":620,"column":8},"end":{"line":622,"column":9}},"216":{"start":{"line":621,"column":10},"end":{"line":621,"column":87}},"217":{"start":{"line":625,"column":8},"end":{"line":633,"column":9}},"218":{"start":{"line":626,"column":10},"end":{"line":630,"column":47}},"219":{"start":{"line":632,"column":10},"end":{"line":632,"column":97}},"220":{"start":{"line":635,"column":33},"end":{"line":635,"column":62}},"221":{"start":{"line":636,"column":8},"end":{"line":647,"column":9}},"222":{"start":{"line":637,"column":33},"end":{"line":637,"column":61}},"223":{"start":{"line":638,"column":10},"end":{"line":638,"column":102}},"224":{"start":{"line":640,"column":10},"end":{"line":644,"column":52}},"225":{"start":{"line":646,"column":10},"end":{"line":646,"column":85}},"226":{"start":{"line":650,"column":8},"end":{"line":654,"column":50}},"227":{"start":{"line":656,"column":8},"end":{"line":656,"column":95}},"228":{"start":{"line":660,"column":6},"end":{"line":666,"column":28}},"229":{"start":{"line":667,"column":6},"end":{"line":667,"column":75}},"230":{"start":{"line":669,"column":6},"end":{"line":669,"column":110}},"231":{"start":{"line":673,"column":27},"end":{"line":673,"column":55}},"232":{"start":{"line":674,"column":4},"end":{"line":674,"column":96}},"233":{"start":{"line":675,"column":4},"end":{"line":675,"column":63}},"234":{"start":{"line":678,"column":4},"end":{"line":678,"column":52}},"235":{"start":{"line":679,"column":4},"end":{"line":679,"column":68}},"236":{"start":{"line":684,"column":0},"end":{"line":698,"column":3}},"237":{"start":{"line":685,"column":27},"end":{"line":685,"column":46}},"238":{"start":{"line":686,"column":25},"end":{"line":686,"column":80}},"239":{"start":{"line":688,"column":21},"end":{"line":688,"column":96}},"240":{"start":{"line":689,"column":4},"end":{"line":691,"column":5}},"241":{"start":{"line":690,"column":8},"end":{"line":690,"column":65}},"242":{"start":{"line":693,"column":24},"end":{"line":693,"column":75}},"243":{"start":{"line":695,"column":4},"end":{"line":695,"column":47}},"244":{"start":{"line":696,"column":4},"end":{"line":696,"column":103}},"245":{"start":{"line":697,"column":4},"end":{"line":697,"column":27}},"246":{"start":{"line":703,"column":0},"end":{"line":717,"column":3}},"247":{"start":{"line":704,"column":4},"end":{"line":716,"column":5}},"248":{"start":{"line":705,"column":23},"end":{"line":711,"column":10}},"249":{"start":{"line":712,"column":8},"end":{"line":712,"column":30}},"250":{"start":{"line":714,"column":8},"end":{"line":714,"column":58}},"251":{"start":{"line":715,"column":8},"end":{"line":715,"column":65}},"252":{"start":{"line":720,"column":0},"end":{"line":730,"column":3}},"253":{"start":{"line":721,"column":4},"end":{"line":729,"column":5}},"254":{"start":{"line":722,"column":23},"end":{"line":724,"column":10}},"255":{"start":{"line":725,"column":8},"end":{"line":725,"column":30}},"256":{"start":{"line":727,"column":8},"end":{"line":727,"column":53}},"257":{"start":{"line":728,"column":8},"end":{"line":728,"column":65}},"258":{"start":{"line":760,"column":0},"end":{"line":793,"column":3}},"259":{"start":{"line":765,"column":6},"end":{"line":765,"column":14}},"260":{"start":{"line":767,"column":2},"end":{"line":767,"column":33}},"261":{"start":{"line":768,"column":2},"end":{"line":768,"column":33}},"262":{"start":{"line":771,"column":26},"end":{"line":771,"column":61}},"263":{"start":{"line":772,"column":20},"end":{"line":772,"column":69}},"264":{"start":{"line"
[...]
e":781,"column":4},"end":{"line":783,"column":5}},{"start":{},"end":{}}],"line":781},"49":{"loc":{"start":{"line":807,"column":4},"end":{"line":811,"column":5}},"type":"if","locations":[{"start":{"line":807,"column":4},"end":{"line":811,"column":5}},{"start":{"line":809,"column":11},"end":{"line":811,"column":5}}],"line":807},"50":{"loc":{"start":{"line":828,"column":2},"end":{"line":830,"column":3}},"type":"if","locations":[{"start":{"line":828,"column":2},"end":{"line":830,"column":3}},{"start":{},"end":{}}],"line":828},"51":{"loc":{"start":{"line":828,"column":6},"end":{"line":828,"column":47}},"type":"binary-expr","locations":[{"start":{"line":828,"column":6},"end":{"line":828,"column":13}},{"start":{"line":828,"column":17},"end":{"line":828,"column":25}},{"start":{"line":828,"column":29},"end":{"line":828,"column":36}},{"start":{"line":828,"column":40},"end":{"line":828,"column":47}}],"line":828},"52":{"loc":{"start":{"line":842,"column":4},"end":{"line":844,"column":5}},"type":"if","locations":[{"start":{"line":842,"column":4},"end":{"line":844,"column":5}},{"start":{},"end":{}}],"line":842}},"s":{"0":0,"1":0,"2":0,"3":0,"4":0,"5":0,"6":0,"7":0,"8":0,"9":0,"10":0,"11":0,"12":0,"13":0,"14":0,"15":0,"16":0,"17":0,"18":0,"19":0,"20":0,"21":0,"22":0,"23":0,"24":0,"25":0,"26":0,"27":0,"28":0,"29":0,"30":0,"31":0,"32":0,"33":0,"34":0,"35":0,"36":0,"37":0,"38":0,"39":0,"40":0,"41":0,"42":0,"43":0,"44":0,"45":0,"46":0,"47":0,"48":0,"49":0,"50":0,"51":0,"52":0,"53":0,"54":0,"55":0,"56":0,"57":0,"58":0,"59":0,"60":0,"61":0,"62":0,"63":0,"64":0,"65":0,"66":0,"67":0,"68":0,"69":0,"70":0,"71":0,"72":0,"73":0,"74":0,"75":0,"76":0,"77":0,"78":0,"79":0,"80":0,"81":0,"82":0,"83":0,"84":0,"85":0,"86":0,"87":0,"88":0,"89":0,"90":0,"91":0,"92":0,"93":0,"94":0,"95":0,"96":0,"97":0,"98":0,"99":0,"100":0,"101":0,"102":0,"103":0,"104":0,"105":0,"106":0,"107":0,"108":0,"109":0,"110":0,"111":0,"112":0,"113":0,"114":0,"115":0,"116":0,"117":0,"118":0,"119":0,"120":0,"121":0,"122":0,"123":0,"124":0,"125":0,"126":0,"127":0,"128":0,"129":0,"130":0,"131":0,"132":0,"133":0,"134":0,"135":0,"136":0,"137":0,"138":0,"139":0,"140":0,"141":0,"142":0,"143":0,"144":0,"145":0,"146":0,"147":0,"148":0,"149":0,"150":0,"151":0,"152":0,"153":0,"154":0,"155":0,"156":0,"157":0,"158":0,"159":0,"160":0,"161":0,"162":0,"163":0,"164":0,"165":0,"166":0,"167":0,"168":0,"169":0,"170":0,"171":0,"172":0,"173":0,"174":0,"175":0,"176":0,"177":0,"178":0,"179":0,"180":0,"181":0,"182":0,"183":0,"184":0,"185":0,"186":0,"187":0,"188":0,"189":0,"190":0,"191":0,"192":0,"193":0,"194":0,"195":0,"196":0,"197":0,"198":0,"199":0,"200":0,"201":0,"202":0,"203":0,"204":0,"205":0,"206":0,"207":0,"208":0,"209":0,"210":0,"211":0,"212":0,"213":0,"214":0,"215":0,"216":0,"217":0,"218":0,"219":0,"220":0,"221":0,"222":0,"223":0,"224":0,"225":0,"226":0,"227":0,"228":0,"229":0,"230":0,"231":0,"232":0,"233":0,"234":0,"235":0,"236":0,"237":0,"238":0,"239":0,"240":0,"241":0,"242":0,"243":0,"244":0,"245":0,"246":0,"247":0,"248":0,"249":0,"250":0,"251":0,"252":0,"253":0,"254":0,"255":0,"256":0,"257":0,"258":0,"259":0,"260":0},"f":{"0":0,"1":0,"2":0,"3":0,"4":0,"5":0,"6":0,"7":0,"8":0,"9":0,"10":0,"11":0,"12":0,"13":0,"14":0,"15":0,"16":0,"17":0,"18":0,"19":0,"20":0},"b":{"0":[0,0],"1":[0,0],"2":[0,0],"3":[0,0],"4":[0,0,0],"5":[0,0],"6":[0,0],"7":[0,0],"8":[0,0],"9":[0,0],"10":[0,0],"11":[0,0],"12":[0,0],"13":[0,0],"14":[0,0],"15":[0,0],"16":[0,0],"17":[0,0],"18":[0,0],"19":[0,0],"20":[0,0],"21":[0,0],"22":[0,0],"23":[0,0],"24":[0,0],"25":[0,0],"26":[0,0],"27":[0,0],"28":[0,0],"29":[0,0],"30":[0,0],"31":[0,0],"32":[0,0,0,0],"33":[0,0],"34":[0,0],"35":[0,0],"36":[0,0],"37":[0,0],"38":[0,0],"39":[0,0],"40":[0,0],"41":[0,0],"42":[0,0],"43":[0,0],"44":[0,0],"45":[0,0],"46":[0,0],"47":[0,0],"48":[0,0],"49":[0,0],"50":[0,0],"51":[0,0,0,0],"52":[0,0]}}
,"C:\\Users\\tanwm\\Desktop\\SSD\\ICT2216_Group21\\backend\\routes\\userProfileApi.js": {"path":"C:\\Users\\tanwm\\Desktop\\SSD\\ICT2216_Group21\\backend\\routes\\userProfileApi.js","statementMap":{"0":{"start":{"line":1,"column":16},"end":{"line":1,"column":34}},"1":{"start":{"line":2,"column":15},"end":{"line":2,"column":31}},"2":{"start":{"line":3,"column":13},"end":{"line":3,"column":32}},"3":{"start":{"line":4,"column":15},"end":{"line":4,"column":32}},"4":{"start":{"line":5,"column":43},"end":{"line":5,"column":77}},"5":{"start":{"line":7,"column":128},"end":{"line":7,"column":163}},"6":{"start":{"line":8,"column":25},"end":{"line":8,"column":72}},"7":{"start":{"line":9,"column":29},"end":{"line":9,"column":72}},"8":{"start":{"line":11,"column":0},"end":{"line":11,"column":43}},"9":{"start":{"line":14,"column":0},"end":{"line":38,"column":3}},"10":{"start":{"line":15,"column":17},"end":{"line":15,"column":32}},"11":{"start":{"line":16,"column":2},"end":{"line":18,"column":3}},"12":{"start":{"line":17,"column":4},"end":{"line":17,"column":75}},"13":{"start":{"line":20,"column":2},"end":{"line":37,"column":3}},"14":{"start":{"line":21,"column":19},"end":{"line":24,"column":5}},"15":{"start":{"line":26,"column":4},"end":{"line":28,"column":5}},"16":{"start":{"line":27,"column":6},"end":{"line":27,"column":65}},"17":{"start":{"line":30,"column":49},"end":{"line":30,"column":63}},"18":{"start":{"line":31,"column":4},"end":{"line":31,"column":51}},"19":{"start":{"line":32,"column":4},"end":{"line":32,"column":23}},"20":{"start":{"line":35,"column":4},"end":{"line":35,"column":52}},"21":{"start":{"line":36,"column":4},"end":{"line":36,"column":63}},"22":{"start":{"line":42,"column":0},"end":{"line":65,"column":3}},"23":{"start":{"line":43,"column":17},"end":{"line":43,"column":32}},"24":{"start":{"line":44,"column":2},"end":{"line":46,"column":3}},"25":{"start":{"line":45,"column":4},"end":{"line":45,"column":75}},"26":{"start":{"line":48,"column":2},"end":{"line":64,"column":3}},"27":{"start":{"line":49,"column":19},"end":{"line":58,"column":5}},"28":{"start":{"line":60,"column":4},"end":{"line":60,"column":26}},"29":{"start":{"line":62,"column":4},"end":{"line":62,"column":55}},"30":{"start":{"line":63,"column":4},"end":{"line":63,"column":63}},"31":{"start":{"line":69,"column":0},"end":{"line":91,"column":3}},"32":{"start":{"line":70,"column":17},"end":{"line":70,"column":32}},"33":{"start":{"line":71,"column":2},"end":{"line":73,"column":3}},"34":{"start":{"line":72,"column":4},"end":{"line":72,"column":75}},"35":{"start":{"line":75,"column":2},"end":{"line":90,"column":3}},"36":{"start":{"line":76,"column":19},"end":{"line":84,"column":5}},"37":{"start":{"line":86,"column":4},"end":{"line":86,"column":26}},"38":{"start":{"line":88,"column":4},"end":{"line":88,"column":50}},"39":{"start":{"line":89,"column":4},"end":{"line":89,"column":63}},"40":{"start":{"line":95,"column":0},"end":{"line":150,"column":3}},"41":{"start":{"line":96,"column":17},"end":{"line":96,"column":32}},"42":{"start":{"line":97,"column":43},"end":{"line":97,"column":51}},"43":{"start":{"line":99,"column":2},"end":{"line":101,"column":3}},"44":{"start":{"line":100,"column":4},"end":{"line":100,"column":75}},"45":{"start":{"line":106,"column":2},"end":{"line":114,"column":3}},"46":{"start":{"line":107,"column":4},"end":{"line":107,"column":96}},"47":{"start":{"line":109,"column":4},"end":{"line":111,"column":5}},"48":{"start":{"line":110,"column":6},"end":{"line":110,"column":81}},"49":{"start":{"line":113,"column":4},"end":{"line":113,"column":68}},"50":{"start":{"line":116,"column":31},"end":{"line":116,"column":61}},"51":{"start":{"line":117,"column":2},"end":{"line":121,"column":3}},"52":{"start":{"line":118,"column":4},"end":{"line":118,"column":73}},"53":{"start":{"line":120,"column":4},"end":{"line":120,"column":68}},"54":{"start":{"line":122,"column":2},"end":{"line":124,"column":3}},"55":{"start":{"line":123,"column":4},"end":{"line":123,"column":76}},"56":{"start":{"line":128,"column":2},"end":{"line":130,"column":3}},"57":{"start":{"line":129,"column":4},"end":{"line":129,"column":91}},"58":{"start":{"line":132,"column":2},"end":{"line":134,"column":3}},"59":{"start":{"line":133,"column":4},"end":{"line":133,"column":93}},"60":{"start":{"line":137,"column":2},"end":{"line":149,"column":3}},"61":{"start":{"line":138,"column":27},"end":{"line":138,"column":57}},"62":{"start":{"line":140,"column":4},"end":{"line":143,"column":6}},"63":{"start":{"line":145,"column":4},"end":{"line":145,"column":56}},"64":{"start":{"line":147,"column":4},"end":{"line":147,"column":52}},"65":{"start":{"line":148,"column":4},"end":{"line":148,"column":61}},"66":{"start":{"line":172,"column":0},"end":{"line":187,"column":3}},"67":{"start":{"line":173,"column":17},"end":{"line":173,"column":32}},"68":{"start":{"line":174,"column":19},"end":{"line":174,"column":27}},"69":{"start":{"line":176,"column":2},"end":{"line":178,"column":3}},"70":{"start":{"line":177,"column":4},"end":{"line":177,"column":74}},"71":{"start":{"line":180,"column":2},"end":{"line":186,"column":3}},"72":{"start":{"line":181,"column":4},"end":{"line":181,"column":93}},"73":{"start":{"line":182,"column":4},"end":{"line":182,"column":60}},"74":{"start":{"line":184,"column":4},"end":{"line":184,"column":51}},"75":{"start":{"line":185,"column":4},"end":{"line":185,"column":64}},"76":{"start":{"line":190,"column":0},"end":{"line":209,"column":3}},"77":{"start":{"line":191,"column":17},"end":{"line":191,"column":32}},"78":{"start":{"line":192,"column":24},"end":{"line":192,"column":32}},"79":{"start":{"line":194,"column":2},"end":{"line":196,"column":3}},"80":{"start":{"line":195,"column":4},"end":{"line":195,"column":76}},"81":{"start":{"line":198,"column":2},"end":{"line":200,"column":3}},"82":{"start":{"line":199,"column":4},"end":{"line":199,"column":98}},"83":{"start":{"line":202,"column":2},"end":{"line":208,"column":3}},"84":{"start":{"line":203,"column":4},"end":{"line":203,"column":103}},"85":{"start":{"line":204,"column":4},"end":{"line":204,"column":62}},"86":{"start":{"line":206,"column":4},"end":{"line":206,"column":53}},"87":{"start":{"line":207,"column":4},"end":{"line":207,"column":64}},"88":{"start":{"line":212,"column":0},"end":{"line":231,"column":3}},"89":{"start":{"line":213,"column":17},"end":{"line":213,"column":32}},"90":{"start":{"line":214,"column":23},"end":{"line":214,"column":31}},"91":{"start":{"line":216,"column":2},"end":{"line":218,"column":3}},"92":{"start":{"line":217,"column":4},"end":{"line":217,"column":75}},"93":{"start":{"line":220,"column":2},"end":{"line":222,"column":3}},"94":{"start":{"line":221,"column":4},"end":{"line":221,"column":97}},"95":{"start":{"line":224,"column":2},"end":{"line":230,"column":3}},"96":{"start":{"line":225,"column":4},"end":{"line":225,"column":101}},"97":{"start":{"line":226,"column":4},"end":{"line":226,"column":61}},"98":{"start":{"line":228,"column":4},"end":{"line":228,"column":52}},"99":{"start":{"line":229,"column":4},"end":{"line":229,"column":64}},"100":{"start":{"line":234,"column":0},"end":{"line":291,"column":3}},"101":{"start":{"line":235,"column":2},"end":{"line":290,"column":3}},"102":{"start":{"line":236,"column":26},"end":{"line":236,"column":39}},"103":{"start":{"line":237,"column":19},"end":{"line":237,"column":34}},"104":{"start":{"line":239,"column":4},"end":{"line":241,"column":5}},"105":{"start":{"line":240,"column":6},"end":{"line":240,"column":81}},"106":{"start":{"line":244,"column":19},"end":{"line":250,"column":5}},"107":{"start":{"line":252,"column":4},"end":{"line":254,"column":5}},"108":{"start":{"line":253,"column":6},"end":{"line":253,"column":96}},"109":{"start":{"line":256,"column":24},"end":{"line":256,"column":38}},"110":{"start":{"line":259,"column":32},"end":{"line":259,"column":105}},"111":{"start":{"line":260,"column":16},"end":{"line":260,"column":26}},"112":{"start":{"line":262,"column":4},"end":{"line":264,"column":5}},"113":{"start":{"line":263,"column":6},"end":{"line":263,"column":92}},"114":{"start":{"line":267,"column":4},"end":{"line":267,"column":46}},"115":{"start":{"line":268,"column":4},"end":{"line":268,"column":38}},"116":{"start":{"line":269,"column":4},"end":{"line":269,"column":56}},"117":{"start":{"line":270,"column":4},"end":{"line":270,"column":56}},"118":{"start":{"line":271,"column":4},"end":{"line":271,"column":56}},"119":{"start":{"line":274,"column":4},"end":{"line":277,"column":6}},"120":{"start":{"line":280,"column":4},"end":{"line":283,"column":6}},"121":{"start":{"line":285,"column":4},"end":{"line":285,"column":77}},"122":{"start":{"line":288,"column":4},"end":{"line":288,"column":58}},"123":{"start":{"line":289,"column":4},"end":{"line":289,"column":68}},"124":{"start":{"line":316,"column":0},"end":{"line":316,"column":24}}},"fnMap":{"0":{"name":"(anonymous_0)","decl":{"start":{"line":14,"column":23},"end":{"line":14,"column":24}},"loc":{"start":{"line":14,"column":43},"end":{"line":38,"column":1}},"line":14},"1":{"name":"(anonymous_1)","decl":{"start":{"line":42,"column":28},"end":{"line":42,"column":29}},"loc":{"start":{"line":42,"column":48},"end":{"line":65,"column":1}},"line":42},"2":{"name":"(anonymous_2)","decl":{"start":{"line":69,"column":23},"end":{"line":69,"column":24}},"loc":{"start":{"line":69,"column":43},"end":{"line":91,"column":1}},"line":69},"3":{"name":"(anonymous_3)","decl":{"start":{"line":95,"column":72},"end":{"line":95,"column":73}},"loc":{"start":{"line":95,"column":92},"end":{"line":150,"column":1}},"line":95},"4":{"name":"(anonymous_4)","decl":{"start":{"line":172,"column":66},"end":{"line":172,"column":67}},"loc":{"start":{"line":172,"column":86},"end":{"line":187,"column":1}},"line":172},"5":{"name":"(anonymous_5)","decl":{"start":{"line":190,"column":72},"end":{"line":190,"column":73}},"loc":{"start":{"line":190,"column":92},"end":{"line":209,"column":1}},"line":190},"6":{"name":"(anonymous_6)","decl":{"start":{"line":212,"column":70},"end":{"line":212,"column":71}},"loc":{"start":{"line":212,"column":90},"end":{"line":231,"column":1}},"line":212},"7":{"name":"(anonymous_7)","decl":{"start":{"line":234,"column":85},"end":{"line":234,"column":86}},"loc":{"start":{"line":234,"column":105},"end":{"line":291,"column":1}},"line":234}},"branchMap":{"0":{"loc":{"start":{"line":16,"column":2},"end":{"line":18,"column":3}},"type":"if","locations":[{"start":{"line":16,"column":2},"end":{"line":18,"column":3}},{"start":{},"end":{}}],"line":16},"1":{"loc":{"start":{"line":26,"column":4},"end":{"line":28,"column":5}},"type":"if","locations":[{"start":{"line":26,"column":4},"end":{"line":28,"column":5}},{"start":{},"end":{}}],"line":26},"2":{"loc":{"start":{"line":44,"column":2},"end":{"line":46,"column":3}},"type":"if","locations":[{"start":{"line":44,"column":2},"end":{"line":46,"column":3}},{"start":{},"end":{}}],"line":44},"3":{"loc":{"start":{"line":71,"column":2},"end":{"line":73,"column":3}},"type":"if","locations":[{"start":{"line":71,"column":2},"end":{"line":73,"column":3}},{"start":{},"end":{}}],"line":71},"4":{"loc":{"start":{"line":99,"column":2},"end":{"line":101,"column":3}},"type":"if","locations":[{"start":{"line":99,"column":2},"end":{"line":101,"column":3}},{"start":{},"end":{}}],"line":99},"5":{"loc":{"start":{"line":109,"column":4},"end":{"line":111,"column":5}},"type":"if","locations":[{"start":{"line":109,"column":4},"end":{"line":111,"column":5}},{"start":{},"end":{}}],"line":109},"6":{"loc":{"start":{"line":122,"column":2},"end":{"line":124,"column":3}},"type":"if","locations":[{"start":{"line":122,"column":2},"end":{"line":124,"column":3}},{"start":{},"end":{}}],"line":122},"7":{"loc":{"start":{"line":128,"column":2},"end":{"line":130,"column":3}},"type":"if","locations":[{"start":{"line":128,"column":2},"end":{"line":130,"column":3}},{"start":{},"end":{}}],"line":128},"8":{"loc":{"start":{"line":128,"column":6},"end":{"line":128,"column":44}},"type":"binary-expr","locations":[{"start":{"line":128,"column":6},"end":{"line":128,"column":18}},{"start":{"line":128,"column":22},"end":{"line":128,"column":44}}],"line":128},"9":{"loc":{"start":{"line":132,"column":2},"end":{"line":134,"column":3}},"type":"if","locations":[{"start":{"line":132,"column":2},"end":{"line":134,"column":3}},{"start":{},"end":{}}],"line":132},"10":{"loc":{"start":{"line":132,"column":6},"end":{"line":132,"column":45}},"type":"binary-expr","locations":[{"start":{"line":132,"column":6},"end":{"line":132,"column":18}},{"start":{"line":132,"column":22},"end":{"line":132,"column":45}}],"line":132},"11":{"loc":{"start":{"line":176,"column":2},"end":{"line":178,"column":3}},"type":"if","locations":[{"start":{"line":176,"column":2},"end":{"line":178,"column":3}},{"start":{},"end":{}}],"line":176},"12":{"loc":{"start":{"line":176,"column":6},"end":{"line":176,"column":27}},"type":"binary-expr","locations":[{"start":{"line":176,"column":6},"end":{"line":176,"column":11}},{"start":{"line":176,"column":15},"end":{"line":176,"column":27}}],"line":176},"13":{"loc":{"start":{"line":194,"column":2},"end":{"line":196,"column":3}},"type":"if","locations":[{"start":{"line":194,"column":2},"end":{"line":196,"column":3}},{"start":{},"end":{}}],"line":194},"14":{"loc":{"start":{"line":194,"column":6},"end":{"line":194,"column":37}},"type":"binary-expr","locations":[{"start":{"line":194,"column":6},"end":{"line":194,"column":16}},{"start":{"line":194,"column":20},"end":{"line":194,"column":37}}],"line":194},"15":{"loc":{"start":{"line":198,"column":2},"end":{"line":200,"column":3}},"type":"if","locations":[{"start":{"line":198,"column":2},"end":{"line":200,"column":3}},{"start":{},"end":{}}],"line":198},"16":{"loc":{"start":{"line":216,"column":2},"end":{"line":218,"column":3}},"type":"if","locations":[{"start":{"line":216,"column":2},"end":{"line":218,"column":3}},{"start":{},"end":{}}],"line":216},"17":{"loc":{"start":{"line":216,"column":6},"end":{"line":216,"column":35}},"type":"binary-expr","locations":[{"start":{"line":216,"column":6},"end":{"line":216,"column":15}},{"start":{"line":216,"column":19},"end":{"line":216,"column":35}}],"line":216},"18":{"loc":{"start":{"line":220,"column":2},"end":{"line":222,"column":3}},"type":"if","locations":[{"start":{"line":220,"column":2},"end":{"line":222,"column":3}},{"start":{},"end":{}}],"line":220},"19":{"loc":{"start":{"line":239,"column":4},"end":{"line":241,"column":5}},"type":"if","locations":[{"start":{"line":239,"column":4},"end":{"line":241,"column":5}},{"start":{},"end":{}}],"line":239},"20":{"loc":{"start":{"line":252,"column":4},"end":{"line":254,"column":5}},"type":"if","locations":[{"start":{"line":252,"column":4},"end":{"line":254,"column":5}},{"start":{},"end":{}}],"line":252},"21":{"loc":{"start":{"line":262,"column":4},"end":{"line":264,"column":5}},"type":"if","locations":[{"start":{"line":262,"column":4},"end":{"line":264,"column":5}},{"start":{},"end":{}}],"line":262}},"s":{"0":0,"1":0,"2":0,"3":0,"4":0,"5":0,"6":0,"7":0,"8":0,"9":0,"10":0,"11":0,"12":0,"13":0,"14":0,"15":0,"16":0,"17":0,"18":0,"19":0,"20":0,"21":0,"22":0,"23":0,"24":0,"25":0,"26":0,"27":0,"28":0,"29":0,"30":0,"31":0,"32":0,"33":0,"34":0,"35":0,"36":0,"37":0,"38":0,"39":0,"40":0,"41":0,"42":0,"43":0,"44":0,"45":0,"46":0,"47":0,"48":0,"49":0,"50":0,"51":0,"52":0,"53":0,"54":0,"55":0,"56":0,"57":0,"58":0,"59":0,"60":0,"61":0,"62":0,"63":0,"64":0,"65":0,"66":0,"67":0,"68":0,"69":0,"70":0,"71":0,"72":0,"73":0,"74":0,"75":0,"76":0,"77":0,"78":0,"79":0,"80":0,"81":0,"82":0,"83":0,"84":0,"85":0,"86":0,"87":0,"88":0,"89":0,"90":0,"91":0,"92":0,"93":0,"94":0,"95":0,"96":0,"97":0,"98":0,"99":0,"100":0,"101":0,"102":0,"103":0,"104":0,"105":0,"106":0,"107":0,"108":0,"109":0,"110":0,"111":0,"112":0,"113":0,"114":0,"115":0,"116":0,"117":0,"118":0,"119":0,"120":0,"121":0,"122":0,"123":0,"124":0},"f":{"0":0,"1":0,"2":0,"3":0,"4":0,"5":0,"6":0,"7":0},"b":{"0":[0,0],"1":[0,0],"2":[0,0],"3":[0,0],"4":[0,0],"5":[0,0],"6":[0,0],"7":[0,0],"8":[0,0],"9":[0,0],"10":[0,0],"11":[0,0],"12":[0,0],"13":[0,0],"14":[0,0],"15":[0,0],"16":[0,0],"17":[0,0],"18":[0,0],"19":[0,0],"20":[0,0],"21":[0,0]}}
}
