TN:
SF:backend\logger.js
FN:1,logEvent
FN:32,logAuth
FN:46,logBusiness
FN:60,logSystem
FN:72,logSecurity
FN:83,logHttpError
FNF:6
FNH:0
FNDA:0,logEvent
FNDA:0,logAuth
FNDA:0,logBusiness
FNDA:0,logSystem
FNDA:0,logSecurity
FNDA:0,logHttpError
DA:2,0
DA:12,0
DA:13,0
DA:14,0
DA:15,0
DA:16,0
DA:17,0
DA:19,0
DA:20,0
DA:21,0
DA:22,0
DA:26,0
DA:33,0
DA:34,0
DA:36,0
DA:47,0
DA:48,0
DA:50,0
DA:61,0
DA:63,0
DA:73,0
DA:74,0
DA:76,0
DA:84,0
DA:85,0
DA:87,0
DA:96,0
LF:27
LH:0
BRDA:1,0,0,0
BRDA:1,1,0,0
BRDA:7,2,0,0
BRDA:7,2,1,0
BRDA:12,3,0,0
BRDA:12,3,1,0
BRDA:13,4,0,0
BRDA:13,4,1,0
BRDA:19,5,0,0
BRDA:19,5,1,0
BRDA:32,6,0,0
BRDA:32,7,0,0
BRDA:33,8,0,0
BRDA:33,8,1,0
BRDA:34,9,0,0
BRDA:34,9,1,0
BRDA:46,10,0,0
BRDA:46,11,0,0
BRDA:60,12,0,0
BRDA:72,13,0,0
BRDA:72,14,0,0
BRDA:83,15,0,0
BRDA:83,16,0,0
BRDA:90,17,0,0
BRDA:90,17,1,0
BRF:25
BRH:0
end_of_record
TN:
SF:backend\middleware\fieldAccessControl.js
FN:1,filterFields
FN:3,(anonymous_1)
FN:13,fieldLevelAccess
FN:14,(anonymous_3)
FN:15,(anonymous_4)
FNF:5
FNH:0
FNDA:0,filterFields
FNDA:0,(anonymous_1)
FNDA:0,fieldLevelAccess
FNDA:0,(anonymous_3)
FNDA:0,(anonymous_4)
DA:2,0
DA:3,0
DA:6,0
DA:7,0
DA:8,0
DA:10,0
DA:14,0
DA:15,0
DA:16,0
DA:17,0
DA:18,0
DA:20,0
DA:24,0
LF:13
LH:0
BRDA:1,0,0,0
BRDA:2,1,0,0
BRDA:2,1,1,0
BRDA:8,2,0,0
BRDA:8,2,1,0
BRDA:16,3,0,0
BRDA:16,3,1,0
BRDA:17,4,0,0
BRDA:17,4,1,0
BRF:9
BRH:0
end_of_record
TN:
SF:backend\middleware\fileUploadValidation.js
FN:18,(anonymous_0)
FN:21,(anonymous_1)
FN:35,(anonymous_2)
FN:50,(anonymous_3)
FNF:4
FNH:0
FNDA:0,(anonymous_0)
FNDA:0,(anonymous_1)
FNDA:0,(anonymous_2)
FNDA:0,(anonymous_3)
DA:1,0
DA:2,0
DA:3,0
DA:4,0
DA:5,0
DA:6,0
DA:7,0
DA:8,0
DA:9,0
DA:11,0
DA:12,0
DA:14,0
DA:15,0
DA:17,0
DA:19,0
DA:22,0
DA:23,0
DA:25,0
DA:26,0
DA:27,0
DA:30,0
DA:31,0
DA:35,0
DA:36,0
DA:37,0
DA:38,0
DA:41,0
DA:50,0
DA:51,0
DA:52,0
DA:54,0
DA:55,0
DA:57,0
DA:58,0
DA:59,0
DA:60,0
DA:61,0
DA:64,0
DA:65,0
DA:66,0
DA:68,0
DA:69,0
DA:70,0
DA:72,0
DA:73,0
DA:75,0
DA:76,0
DA:77,0
DA:80,0
DA:81,0
DA:82,0
DA:85,0
DA:86,0
DA:87,0
DA:88,0
DA:93,0
DA:94,0
DA:95,0
DA:96,0
DA:99,0
DA:100,0
DA:101,0
DA:102,0
DA:105,0
DA:106,0
DA:107,0
DA:108,0
DA:110,0
DA:111,0
DA:112,0
DA:115,0
DA:117,0
DA:118,0
DA:122,0
LF:74
LH:0
BRDA:12,0,0,0
BRDA:12,0,1,0
BRDA:26,1,0,0
BRDA:26,1,1,0
BRDA:37,2,0,0
BRDA:37,2,1,0
BRDA:37,3,0,0
BRDA:37,3,1,0
BRDA:52,4,0,0
BRDA:52,4,1,0
BRDA:59,5,0,0
BRDA:59,5,1,0
BRDA:59,6,0,0
BRDA:59,6,1,0
BRDA:64,7,0,0
BRDA:64,7,1,0
BRDA:64,8,0,0
BRDA:64,8,1,0
BRDA:75,9,0,0
BRDA:75,9,1,0
BRDA:80,10,0,0
BRDA:80,10,1,0
BRDA:80,11,0,0
BRDA:80,11,1,0
BRDA:86,12,0,0
BRDA:86,12,1,0
BRDA:94,13,0,0
BRDA:94,13,1,0
BRDA:100,14,0,0
BRDA:100,14,1,0
BRDA:107,15,0,0
BRDA:107,15,1,0
BRDA:110,16,0,0
BRDA:110,16,1,0
BRF:34
BRH:0
end_of_record
TN:
SF:backend\middleware\handleHybridValidation.js
FN:3,(anonymous_0)
FN:16,(anonymous_1)
FN:30,(anonymous_2)
FNF:3
FNH:0
FNDA:0,(anonymous_0)
FNDA:0,(anonymous_1)
FNDA:0,(anonymous_2)
DA:1,0
DA:3,0
DA:4,0
DA:5,0
DA:7,0
DA:8,0
DA:9,0
DA:10,0
DA:11,0
DA:12,0
DA:17,0
DA:18,0
DA:20,0
DA:26,0
DA:27,0
DA:29,0
DA:30,0
DA:33,0
DA:34,0
DA:38,0
DA:39,0
DA:40,0
DA:43,0
DA:44,0
LF:24
LH:0
BRDA:17,0,0,0
BRDA:17,0,1,0
BRDA:17,1,0,0
BRDA:17,1,1,0
BRDA:26,2,0,0
BRDA:26,2,1,0
BRDA:33,3,0,0
BRDA:33,3,1,0
BRDA:33,4,0,0
BRDA:33,4,1,0
BRF:10
BRH:0
end_of_record
TN:
SF:backend\middleware\handleValidation.js
FN:111,(anonymous_0)
FN:124,(anonymous_1)
FN:138,(anonymous_2)
FNF:3
FNH:0
FNDA:0,(anonymous_0)
FNDA:0,(anonymous_1)
FNDA:0,(anonymous_2)
DA:109,0
DA:111,0
DA:112,0
DA:113,0
DA:115,0
DA:116,0
DA:117,0
DA:118,0
DA:119,0
DA:120,0
DA:125,0
DA:126,0
DA:128,0
DA:134,0
DA:135,0
DA:137,0
DA:138,0
DA:139,0
DA:142,0
DA:143,0
DA:145,0
DA:150,0
DA:151,0
DA:152,0
DA:154,0
DA:155,0
DA:159,0
DA:160,0
LF:28
LH:0
BRDA:125,0,0,0
BRDA:125,0,1,0
BRDA:125,1,0,0
BRDA:125,1,1,0
BRDA:134,2,0,0
BRDA:134,2,1,0
BRDA:151,3,0,0
BRDA:151,3,1,0
BRF:8
BRH:0
end_of_record
TN:
SF:backend\middleware\htmlDecoder.js
FN:1,decodeHtmlEntities
FN:14,(anonymous_1)
FN:15,(anonymous_2)
FN:27,debugDecode
FNF:4
FNH:0
FNDA:0,decodeHtmlEntities
FNDA:0,(anonymous_1)
FNDA:0,(anonymous_2)
FNDA:0,debugDecode
DA:2,0
DA:4,0
DA:14,0
DA:15,0
DA:17,0
DA:18,0
DA:19,0
DA:20,0
DA:21,0
DA:24,0
DA:28,0
DA:29,0
DA:30,0
DA:31,0
DA:32,0
DA:33,0
DA:34,0
DA:36,0
DA:39,0
LF:19
LH:0
BRDA:2,0,0,0
BRDA:2,0,1,0
BRDA:20,1,0,0
BRDA:20,1,1,0
BRDA:33,2,0,0
BRDA:33,2,1,0
BRF:6
BRH:0
end_of_record
TN:
SF:backend\middleware\sanitization.js
FN:3,sanitizeInput
FN:26,sanitizeOutput
FN:29,(anonymous_2)
FN:41,sanitizeObject
FN:47,(anonymous_4)
FN:68,sanitizeString
FN:84,sanitizeSpecificFields
FN:87,(anonymous_7)
FN:99,sanitizeObjectAdvanced
FN:105,(anonymous_9)
FN:122,sanitizeFieldByType
FN:172,createRateLimiter
FN:175,(anonymous_12)
FN:181,(anonymous_13)
FNF:14
FNH:0
FNDA:0,sanitizeInput
FNDA:0,sanitizeOutput
FNDA:0,(anonymous_2)
FNDA:0,sanitizeObject
FNDA:0,(anonymous_4)
FNDA:0,sanitizeString
FNDA:0,sanitizeSpecificFields
FNDA:0,(anonymous_7)
FNDA:0,sanitizeObjectAdvanced
FNDA:0,(anonymous_9)
FNDA:0,sanitizeFieldByType
FNDA:0,createRateLimiter
FNDA:0,(anonymous_12)
FNDA:0,(anonymous_13)
DA:1,0
DA:5,0
DA:6,0
DA:10,0
DA:11,0
DA:15,0
DA:16,0
DA:19,0
DA:27,0
DA:29,0
DA:31,0
DA:32,0
DA:35,0
DA:42,0
DA:43,0
DA:46,0
DA:47,0
DA:50,0
DA:51,0
DA:52,0
DA:53,0
DA:55,0
DA:58,0
DA:59,0
DA:62,0
DA:69,0
DA:72,0
DA:76,0
DA:78,0
DA:85,0
DA:87,0
DA:89,0
DA:90,0
DA:93,0
DA:100,0
DA:101,0
DA:104,0
DA:105,0
DA:108,0
DA:109,0
DA:110,0
DA:111,0
DA:113,0
DA:116,0
DA:123,0
DA:125,0
DA:128,0
DA:132,0
DA:133,0
DA:137,0
DA:141,0
DA:142,0
DA:144,0
DA:146,0
DA:148,0
DA:149,0
DA:152,0
DA:155,0
DA:159,0
DA:162,0
DA:163,0
DA:166,0
DA:173,0
DA:175,0
DA:176,0
DA:177,0
DA:180,0
DA:181,0
DA:182,0
DA:183,0
DA:188,0
DA:190,0
DA:191,0
DA:198,0
DA:199,0
DA:201,0
DA:205,0
LF:77
LH:0
BRDA:5,0,0,0
BRDA:5,0,1,0
BRDA:5,1,0,0
BRDA:5,1,1,0
BRDA:10,2,0,0
BRDA:10,2,1,0
BRDA:10,3,0,0
BRDA:10,3,1,0
BRDA:15,4,0,0
BRDA:15,4,1,0
BRDA:15,5,0,0
BRDA:15,5,1,0
BRDA:41,6,0,0
BRDA:42,7,0,0
BRDA:42,7,1,0
BRDA:42,8,0,0
BRDA:42,8,1,0
BRDA:46,9,0,0
BRDA:46,9,1,0
BRDA:50,10,0,0
BRDA:50,10,1,0
BRDA:58,11,0,0
BRDA:58,11,1,0
BRDA:69,12,0,0
BRDA:69,12,1,0
BRDA:100,13,0,0
BRDA:100,13,1,0
BRDA:100,14,0,0
BRDA:100,14,1,0
BRDA:104,15,0,0
BRDA:104,15,1,0
BRDA:108,16,0,0
BRDA:108,16,1,0
BRDA:123,17,0,0
BRDA:123,17,1,0
BRDA:125,18,0,0
BRDA:125,18,1,0
BRDA:125,19,0,0
BRDA:125,19,1,0
BRDA:125,19,2,0
BRDA:132,20,0,0
BRDA:132,20,1,0
BRDA:133,21,0,0
BRDA:133,21,1,0
BRDA:137,22,0,0
BRDA:137,22,1,0
BRDA:137,23,0,0
BRDA:137,23,1,0
BRDA:137,23,2,0
BRDA:142,24,0,0
BRDA:142,24,1,0
BRDA:148,25,0,0
BRDA:148,25,1,0
BRDA:152,26,0,0
BRDA:152,26,1,0
BRDA:152,27,0,0
BRDA:152,27,1,0
BRDA:152,27,2,0
BRDA:162,28,0,0
BRDA:162,28,1,0
BRDA:172,29,0,0
BRDA:172,30,0,0
BRDA:176,31,0,0
BRDA:176,31,1,0
BRDA:182,32,0,0
BRDA:182,32,1,0
BRDA:188,33,0,0
BRDA:188,33,1,0
BRDA:190,34,0,0
BRDA:190,34,1,0
BRF:70
BRH:0
end_of_record
TN:
SF:backend\middleware\validators.js
FN:77,(anonymous_0)
FN:117,(anonymous_1)
FN:138,(anonymous_2)
FN:168,(anonymous_3)
FN:213,(anonymous_4)
FN:252,(anonymous_5)
FN:293,(anonymous_6)
FNF:7
FNH:0
FNDA:0,(anonymous_0)
FNDA:0,(anonymous_1)
FNDA:0,(anonymous_2)
FNDA:0,(anonymous_3)
FNDA:0,(anonymous_4)
FNDA:0,(anonymous_5)
FNDA:0,(anonymous_6)
DA:1,0
DA:2,0
DA:4,0
DA:15,0
DA:50,0
DA:78,0
DA:79,0
DA:80,0
DA:84,0
DA:85,0
DA:86,0
DA:88,0
DA:118,0
DA:119,0
DA:120,0
DA:121,0
DA:123,0
DA:139,0
DA:140,0
DA:142,0
DA:143,0
DA:145,0
DA:146,0
DA:149,0
DA:150,0
DA:152,0
DA:153,0
DA:154,0
DA:157,0
DA:163,0
DA:169,0
DA:170,0
DA:174,0
DA:175,0
DA:177,0
DA:214,0
DA:215,0
DA:217,0
DA:218,0
DA:220,0
DA:221,0
DA:223,0
DA:224,0
DA:226,0
DA:227,0
DA:228,0
DA:231,0
DA:240,0
DA:253,0
DA:254,0
DA:255,0
DA:259,0
DA:260,0
DA:262,0
DA:294,0
DA:295,0
DA:297,0
DA:298,0
DA:300,0
DA:301,0
DA:303,0
DA:304,0
DA:306,0
DA:307,0
DA:308,0
DA:310,0
DA:320,0
DA:348,0
DA:353,0
DA:359,0
DA:368,0
DA:377,0
DA:386,0
DA:400,0
DA:414,0
LF:75
LH:0
BRDA:79,0,0,0
BRDA:79,0,1,0
BRDA:84,1,0,0
BRDA:84,1,1,0
BRDA:119,2,0,0
BRDA:119,2,1,0
BRDA:119,3,0,0
BRDA:119,3,1,0
BRDA:140,4,0,0
BRDA:140,4,1,0
BRDA:149,5,0,0
BRDA:149,5,1,0
BRDA:152,6,0,0
BRDA:152,6,1,0
BRDA:152,7,0,0
BRDA:152,7,1,0
BRDA:174,8,0,0
BRDA:174,8,1,0
BRDA:215,9,0,0
BRDA:215,9,1,0
BRDA:223,10,0,0
BRDA:223,10,1,0
BRDA:226,11,0,0
BRDA:226,11,1,0
BRDA:226,12,0,0
BRDA:226,12,1,0
BRDA:259,13,0,0
BRDA:259,13,1,0
BRDA:295,14,0,0
BRDA:295,14,1,0
BRDA:303,15,0,0
BRDA:303,15,1,0
BRDA:306,16,0,0
BRDA:306,16,1,0
BRDA:306,17,0,0
BRDA:306,17,1,0
BRF:36
BRH:0
end_of_record
TN:
SF:backend\routes\adminDashboardApi.js
FN:16,generateImageUrl
FN:46,(anonymous_1)
FN:62,(anonymous_2)
FN:76,(anonymous_3)
FN:161,(anonymous_4)
FN:251,(anonymous_5)
FN:335,(anonymous_6)
FN:365,(anonymous_7)
FN:384,(anonymous_8)
FN:403,(anonymous_9)
FN:482,(anonymous_10)
FN:542,(anonymous_11)
FN:559,(anonymous_12)
FN:573,(anonymous_13)
FN:684,(anonymous_14)
FN:703,(anonymous_15)
FN:720,(anonymous_16)
FN:760,(anonymous_17)
FN:796,(anonymous_18)
FN:844,(anonymous_19)
FN:910,(anonymous_20)
FN:975,(anonymous_21)
FN:1022,(anonymous_22)
FN:1041,(anonymous_23)
FN:1087,(anonymous_24)
FN:1139,(anonymous_25)
FN:1142,(anonymous_26)
FN:1154,(anonymous_27)
FNF:28
FNH:0
FNDA:0,generateImageUrl
FNDA:0,(anonymous_1)
FNDA:0,(anonymous_2)
FNDA:0,(anonymous_3)
FNDA:0,(anonymous_4)
FNDA:0,(anonymous_5)
FNDA:0,(anonymous_6)
FNDA:0,(anonymous_7)
FNDA:0,(anonymous_8)
FNDA:0,(anonymous_9)
FNDA:0,(anonymous_10)
FNDA:0,(anonymous_11)
FNDA:0,(anonymous_12)
FNDA:0,(anonymous_13)
FNDA:0,(anonymous_14)
FNDA:0,(anonymous_15)
FNDA:0,(anonymous_16)
FNDA:0,(anonymous_17)
FNDA:0,(anonymous_18)
FNDA:0,(anonymous_19)
FNDA:0,(anonymous_20)
FNDA:0,(anonymous_21)
FNDA:0,(anonymous_22)
FNDA:0,(anonymous_23)
FNDA:0,(anonymous_24)
FNDA:0,(anonymous_25)
FNDA:0,(anonymous_26)
FNDA:0,(anonymous_27)
DA:1,0
DA:2,0
DA:3,0
DA:4,0
DA:5,0
DA:6,0
DA:7,0
DA:8,0
DA:9,0
DA:10,0
DA:11,0
DA:12,0
DA:13,0
DA:14,0
DA:17,0
DA:18,0
DA:20,0
DA:24,0
DA:32,0
DA:41,0
DA:42,0
DA:44,0
DA:46,0
DA:47,0
DA:48,0
DA:62,0
DA:69,0
DA:71,0
DA:72,0
DA:76,0
DA:77,0
DA:78,0
DA:79,0
DA:81,0
DA:82,0
DA:86,0
DA:93,0
DA:94,0
DA:97,0
DA:100,0
DA:107,0
DA:130,0
DA:138,0
DA:146,0
DA:156,0
DA:157,0
DA:161,0
DA:162,0
DA:163,0
DA:164,0
DA:165,0
DA:167,0
DA:168,0
DA:171,0
DA:172,0
DA:176,0
DA:183,0
DA:184,0
DA:187,0
DA:190,0
DA:197,0
DA:218,0
DA:226,0
DA:235,0
DA:246,0
DA:247,0
DA:251,0
DA:252,0
DA:254,0
DA:256,0
DA:261,0
DA:262,0
DA:265,0
DA:268,0
DA:269,0
DA:270,0
DA:271,0
DA:279,0
DA:280,0
DA:281,0
DA:288,0
DA:289,0
DA:292,0
DA:298,0
DA:301,0
DA:319,0
DA:326,0
DA:329,0
DA:330,0
DA:335,0
DA:336,0
DA:337,0
DA:338,0
DA:339,0
DA:340,0
DA:349,0
DA:351,0
DA:359,0
DA:360,0
DA:365,0
DA:366,0
DA:367,0
DA:371,0
DA:373,0
DA:374,0
DA:379,0
DA:385,0
DA:386,0
DA:387,0
DA:388,0
DA:389,0
DA:393,0
DA:395,0
DA:396,0
DA:403,0
DA:404,0
DA:405,0
DA:406,0
DA:408,0
DA:409,0
DA:411,0
DA:416,0
DA:417,0
DA:419,0
DA:427,0
DA:430,0
DA:431,0
DA:432,0
DA:433,0
DA:435,0
DA:436,0
DA:439,0
DA:440,0
DA:443,0
DA:444,0
DA:448,0
DA:449,0
DA:455,0
DA:459,0
DA:461,0
DA:462,0
DA:463,0
DA:464,0
DA:466,0
DA:468,0
DA:469,0
DA:476,0
DA:477,0
DA:478,0
DA:480,0
DA:481,0
DA:482,0
DA:484,0
DA:491,0
DA:492,0
DA:493,0
DA:494,0
DA:498,0
DA:499,0
DA:500,0
DA:501,0
DA:504,0
DA:506,0
DA:508,0
DA:510,0
DA:511,0
DA:515,0
DA:520,0
DA:521,0
DA:524,0
DA:525,0
DA:526,0
DA:531,0
DA:543,0
DA:544,0
DA:545,0
DA:546,0
DA:550,0
DA:552,0
DA:553,0
DA:559,0
DA:560,0
DA:562,0
DA:563,0
DA:564,0
DA:565,0
DA:567,0
DA:568,0
DA:573,0
DA:574,0
DA:575,0
DA:577,0
DA:578,0
DA:579,0
DA:580,0
DA:581,0
DA:584,0
DA:585,0
DA:588,0
DA:589,0
DA:596,0
DA:597,0
DA:599,0
DA:600,0
DA:603,0
DA:604,0
DA:606,0
DA:607,0
DA:613,0
DA:616,0
DA:617,0
DA:620,0
DA:621,0
DA:625,0
DA:626,0
DA:632,0
DA:635,0
DA:636,0
DA:637,0
DA:638,0
DA:640,0
DA:646,0
DA:650,0
DA:656,0
DA:660,0
DA:667,0
DA:669,0
DA:673,0
DA:674,0
DA:675,0
DA:678,0
DA:679,0
DA:684,0
DA:685,0
DA:686,0
DA:688,0
DA:689,0
DA:690,0
DA:693,0
DA:695,0
DA:696,0
DA:697,0
DA:703,0
DA:704,0
DA:705,0
DA:712,0
DA:714,0
DA:715,0
DA:720,0
DA:721,0
DA:722,0
DA:725,0
DA:727,0
DA:728,0
DA:760,0
DA:765,0
DA:767,0
DA:768,0
DA:771,0
DA:772,0
DA:774,0
DA:775,0
DA:788,0
DA:790,0
DA:791,0
DA:796,0
DA:797,0
DA:799,0
DA:800,0
DA:820,0
DA:821,0
DA:824,0
DA:827,0
DA:829,0
DA:831,0
DA:832,0
DA:837,0
DA:845,0
DA:849,0
DA:851,0
DA:852,0
DA:857,0
DA:858,0
DA:861,0
DA:862,0
DA:863,0
DA:865,0
DA:866,0
DA:867,0
DA:868,0
DA:869,0
DA:870,0
DA:873,0
DA:876,0
DA:879,0
DA:901,0
DA:903,0
DA:904,0
DA:910,0
DA:911,0
DA:912,0
DA:914,0
DA:915,0
DA:924,0
DA:925,0
DA:933,0
DA:936,0
DA:937,0
DA:940,0
DA:941,0
DA:945,0
DA:946,0
DA:950,0
DA:951,0
DA:955,0
DA:956,0
DA:963,0
DA:967,0
DA:969,0
DA:970,0
DA:972,0
DA:975,0
DA:977,0
DA:978,0
DA:984,0
DA:985,0
DA:987,0
DA:988,0
DA:989,0
DA:990,0
DA:991,0
DA:995,0
DA:997,0
DA:1003,0
DA:1004,0
DA:1007,0
DA:1013,0
DA:1016,0
DA:1017,0
DA:1022,0
DA:1023,0
DA:1024,0
DA:1033,0
DA:1035,0
DA:1036,0
DA:1041,0
DA:1042,0
DA:1043,0
DA:1058,0
DA:1060,0
DA:1061,0
DA:1087,0
DA:1088,0
DA:1089,0
DA:1092,0
DA:1101,0
DA:1102,0
DA:1103,0
DA:1106,0
DA:1109,0
DA:1115,0
DA:1116,0
DA:1119,0
DA:1138,0
DA:1140,0
DA:1143,0
DA:1146,0
DA:1149,0
DA:1150,0
DA:1154,0
DA:1155,0
DA:1156,0
DA:1168,0
DA:1170,0
DA:1171,0
DA:1176,0
LF:376
LH:0
BRDA:17,0,0,0
BRDA:17,0,1,0
BRDA:17,1,0,0
BRDA:17,1,1,0
BRDA:64,2,0,0
BRDA:64,2,1,0
BRDA:81,3,0,0
BRDA:81,3,1,0
BRDA:93,4,0,0
BRDA:93,4,1,0
BRDA:167,5,0,0
BRDA:167,5,1,0
BRDA:171,6,0,0
BRDA:171,6,1,0
BRDA:171,7,0,0
BRDA:171,7,1,0
BRDA:183,8,0,0
BRDA:183,8,1,0
BRDA:261,9,0,0
BRDA:261,9,1,0
BRDA:268,10,0,0
BRDA:268,10,1,0
BRDA:279,11,0,0
BRDA:279,11,1,0
BRDA:307,12,0,0
BRDA:307,12,1,0
BRDA:349,13,0,0
BRDA:349,13,1,0
BRDA:355,14,0,0
BRDA:355,14,1,0
BRDA:356,15,0,0
BRDA:356,15,1,0
BRDA:416,16,0,0
BRDA:416,16,1,0
BRDA:431,17,0,0
BRDA:431,17,1,0
BRDA:432,18,0,0
BRDA:432,18,1,0
BRDA:435,19,0,0
BRDA:435,19,1,0
BRDA:439,20,0,0
BRDA:439,20,1,0
BRDA:443,21,0,0
BRDA:443,21,1,0
BRDA:448,22,0,0
BRDA:448,22,1,0
BRDA:461,23,0,0
BRDA:461,23,1,0
BRDA:481,24,0,0
BRDA:481,24,1,0
BRDA:499,25,0,0
BRDA:499,25,1,0
BRDA:524,26,0,0
BRDA:524,26,1,0
BRDA:564,27,0,0
BRDA:564,27,1,0
BRDA:580,28,0,0
BRDA:580,28,1,0
BRDA:588,29,0,0
BRDA:588,29,1,0
BRDA:596,30,0,0
BRDA:596,30,1,0
BRDA:599,31,0,0
BRDA:599,31,1,0
BRDA:603,32,0,0
BRDA:603,32,1,0
BRDA:604,33,0,0
BRDA:604,33,1,0
BRDA:606,34,0,0
BRDA:606,34,1,0
BRDA:616,35,0,0
BRDA:616,35,1,0
BRDA:620,36,0,0
BRDA:620,36,1,0
BRDA:625,37,0,0
BRDA:625,37,1,0
BRDA:636,38,0,0
BRDA:636,38,1,0
BRDA:689,39,0,0
BRDA:689,39,1,0
BRDA:693,40,0,0
BRDA:693,40,1,0
BRDA:771,41,0,0
BRDA:771,41,1,0
BRDA:772,42,0,0
BRDA:772,42,1,0
BRDA:820,43,0,0
BRDA:820,43,1,0
BRDA:857,44,0,0
BRDA:857,44,1,0
BRDA:865,45,0,0
BRDA:865,45,1,0
BRDA:866,46,0,0
BRDA:866,46,1,0
BRDA:869,47,0,0
BRDA:869,47,1,0
BRDA:924,48,0,0
BRDA:924,48,1,0
BRDA:940,49,0,0
BRDA:940,49,1,0
BRDA:945,50,0,0
BRDA:945,50,1,0
BRDA:950,51,0,0
BRDA:950,51,1,0
BRDA:955,52,0,0
BRDA:955,52,1,0
BRDA:969,53,0,0
BRDA:969,53,1,0
BRDA:977,54,0,0
BRDA:977,54,1,0
BRDA:988,55,0,0
BRDA:988,55,1,0
BRDA:988,56,0,0
BRDA:988,56,1,0
BRDA:990,57,0,0
BRDA:990,57,1,0
BRDA:1101,58,0,0
BRDA:1101,58,1,0
BRDA:1124,59,0,0
BRDA:1124,59,1,0
BRDA:1132,60,0,0
BRDA:1132,60,1,0
BRF:122
BRH:0
end_of_record
TN:
SF:backend\routes\authApi.js
FN:24,(anonymous_0)
FN:32,(anonymous_1)
FN:43,(anonymous_2)
FN:80,(anonymous_3)
FN:89,validatePassword
FN:110,sanitizeAndValidate
FN:124,(anonymous_6)
FN:201,(anonymous_7)
FN:254,(anonymous_8)
FN:528,(anonymous_9)
FN:534,(anonymous_10)
FN:539,(anonymous_11)
FNF:12
FNH:0
FNDA:0,(anonymous_0)
FNDA:0,(anonymous_1)
FNDA:0,(anonymous_2)
FNDA:0,(anonymous_3)
FNDA:0,validatePassword
FNDA:0,sanitizeAndValidate
FNDA:0,(anonymous_6)
FNDA:0,(anonymous_7)
FNDA:0,(anonymous_8)
FNDA:0,(anonymous_9)
FNDA:0,(anonymous_10)
FNDA:0,(anonymous_11)
DA:1,0
DA:2,0
DA:3,0
DA:4,0
DA:5,0
DA:6,0
DA:7,0
DA:8,0
DA:10,0
DA:11,0
DA:12,0
DA:13,0
DA:15,0
DA:16,0
DA:17,0
DA:18,0
DA:23,0
DA:25,0
DA:26,0
DA:27,0
DA:28,0
DA:30,0
DA:33,0
DA:34,0
DA:35,0
DA:37,0
DA:38,0
DA:43,0
DA:45,0
DA:46,0
DA:48,0
DA:50,0
DA:51,0
DA:54,0
DA:55,0
DA:56,0
DA:57,0
DA:61,0
DA:71,0
DA:81,0
DA:82,0
DA:83,0
DA:85,0
DA:90,0
DA:91,0
DA:94,0
DA:95,0
DA:102,0
DA:103,0
DA:106,0
DA:111,0
DA:112,0
DA:115,0
DA:116,0
DA:119,0
DA:124,0
DA:125,0
DA:126,0
DA:129,0
DA:130,0
DA:133,0
DA:135,0
DA:136,0
DA:140,0
DA:143,0
DA:144,0
DA:146,0
DA:148,0
DA:159,0
DA:166,0
DA:174,0
DA:175,0
DA:176,0
DA:177,0
DA:178,0
DA:179,0
DA:182,0
DA:188,0
DA:193,0
DA:196,0
DA:201,0
DA:202,0
DA:203,0
DA:206,0
DA:207,0
DA:208,0
DA:209,0
DA:211,0
DA:213,0
DA:215,0
DA:216,0
DA:220,0
DA:223,0
DA:231,0
DA:236,0
DA:243,0
DA:248,0
DA:250,0
DA:254,0
DA:255,0
DA:273,0
DA:275,0
DA:278,0
DA:279,0
DA:280,0
DA:281,0
DA:282,0
DA:283,0
DA:284,0
DA:285,0
DA:286,0
DA:287,0
DA:290,0
DA:291,0
DA:295,0
DA:299,0
DA:302,0
DA:303,0
DA:304,0
DA:308,0
DA:312,0
DA:313,0
DA:315,0
DA:316,0
DA:319,0
DA:320,0
DA:323,0
DA:324,0
DA:328,0
DA:329,0
DA:333,0
DA:344,0
DA:346,0
DA:348,0
DA:355,0
DA:360,0
DA:363,0
DA:386,0
DA:389,0
DA:392,0
DA:394,0
DA:421,0
DA:429,0
DA:459,0
DA:467,0
DA:474,0
DA:482,0
DA:489,0
DA:497,0
DA:501,0
DA:502,0
DA:507,0
DA:508,0
DA:509,0
DA:511,0
DA:515,0
DA:523,0
DA:528,0
DA:529,0
DA:530,0
DA:534,0
DA:535,0
DA:536,0
DA:539,0
DA:541,0
DA:551,0
DA:552,0
DA:553,0
DA:554,0
DA:555,0
DA:556,0
DA:557,0
DA:559,0
DA:562,0
DA:564,0
DA:565,0
DA:566,0
DA:567,0
DA:568,0
DA:569,0
DA:572,0
DA:575,0
LF:182
LH:0
BRDA:26,0,0,0
BRDA:26,0,1,0
BRDA:50,1,0,0
BRDA:50,1,1,0
BRDA:50,2,0,0
BRDA:50,2,1,0
BRDA:80,3,0,0
BRDA:90,4,0,0
BRDA:90,4,1,0
BRDA:90,5,0,0
BRDA:90,5,1,0
BRDA:102,6,0,0
BRDA:102,6,1,0
BRDA:110,7,0,0
BRDA:111,8,0,0
BRDA:111,8,1,0
BRDA:111,9,0,0
BRDA:111,9,1,0
BRDA:111,9,2,0
BRDA:111,9,3,0
BRDA:115,10,0,0
BRDA:115,10,1,0
BRDA:115,11,0,0
BRDA:115,11,1,0
BRDA:129,12,0,0
BRDA:129,12,1,0
BRDA:129,13,0,0
BRDA:129,13,1,0
BRDA:135,14,0,0
BRDA:135,14,1,0
BRDA:146,15,0,0
BRDA:146,15,1,0
BRDA:155,16,0,0
BRDA:155,16,1,0
BRDA:170,17,0,0
BRDA:170,17,1,0
BRDA:170,18,0,0
BRDA:170,18,1,0
BRDA:174,19,0,0
BRDA:174,19,1,0
BRDA:176,20,0,0
BRDA:176,20,1,0
BRDA:178,21,0,0
BRDA:178,21,1,0
BRDA:215,22,0,0
BRDA:215,22,1,0
BRDA:290,23,0,0
BRDA:290,23,1,0
BRDA:303,24,0,0
BRDA:303,24,1,0
BRDA:315,25,0,0
BRDA:315,25,1,0
BRDA:315,26,0,0
BRDA:315,26,1,0
BRDA:319,27,0,0
BRDA:319,27,1,0
BRDA:323,28,0,0
BRDA:323,28,1,0
BRDA:323,29,0,0
BRDA:323,29,1,0
BRDA:328,30,0,0
BRDA:328,30,1,0
BRDA:328,31,0,0
BRDA:328,31,1,0
BRDA:380,32,0,0
BRDA:380,32,1,0
BRDA:381,33,0,0
BRDA:381,33,1,0
BRDA:413,34,0,0
BRDA:413,34,1,0
BRDA:507,35,0,0
BRDA:507,35,1,0
BRDA:507,36,0,0
BRDA:507,36,1,0
BRDA:551,37,0,0
BRDA:551,37,1,0
BRDA:552,38,0,0
BRDA:552,38,1,0
BRDA:554,39,0,0
BRDA:554,39,1,0
BRDA:556,40,0,0
BRDA:556,40,1,0
BRDA:559,41,0,0
BRDA:559,41,1,0
BRDA:564,42,0,0
BRDA:564,42,1,0
BRDA:566,43,0,0
BRDA:566,43,1,0
BRDA:568,44,0,0
BRDA:568,44,1,0
BRF:90
BRH:0
end_of_record
TN:
SF:backend\routes\homeApi.js
FN:7,(anonymous_0)
FN:27,(anonymous_1)
FNF:2
FNH:0
FNDA:0,(anonymous_0)
FNDA:0,(anonymous_1)
DA:1,0
DA:2,0
DA:4,0
DA:7,0
DA:8,0
DA:9,0
DA:27,0
DA:41,0
DA:43,0
DA:44,0
DA:49,0
LF:11
LH:0
BRDA:35,0,0,0
BRDA:35,0,1,0
BRDA:38,1,0,0
BRDA:38,1,1,0
BRF:4
BRH:0
end_of_record
TN:
SF:backend\routes\ownerDashboardApi.js
FN:24,(anonymous_0)
FN:45,(anonymous_1)
FN:59,(anonymous_2)
FN:92,(anonymous_3)
FN:142,(anonymous_4)
FN:143,(anonymous_5)
FN:165,(anonymous_6)
FN:190,(anonymous_7)
FN:204,(anonymous_8)
FN:216,(anonymous_9)
FNF:10
FNH:0
FNDA:0,(anonymous_0)
FNDA:0,(anonymous_1)
FNDA:0,(anonymous_2)
FNDA:0,(anonymous_3)
FNDA:0,(anonymous_4)
FNDA:0,(anonymous_5)
FNDA:0,(anonymous_6)
FNDA:0,(anonymous_7)
FNDA:0,(anonymous_8)
FNDA:0,(anonymous_9)
DA:1,0
DA:2,0
DA:3,0
DA:4,0
DA:5,0
DA:6,0
DA:7,0
DA:8,0
DA:9,0
DA:10,0
DA:13,0
DA:21,0
DA:24,0
DA:25,0
DA:27,0
DA:28,0
DA:31,0
DA:32,0
DA:37,0
DA:39,0
DA:40,0
DA:45,0
DA:46,0
DA:48,0
DA:49,0
DA:59,0
DA:64,0
DA:66,0
DA:67,0
DA:92,0
DA:93,0
DA:94,0
DA:95,0
DA:102,0
DA:103,0
DA:106,0
DA:109,0
DA:110,0
DA:111,0
DA:112,0
DA:113,0
DA:114,0
DA:115,0
DA:116,0
DA:118,0
DA:120,0
DA:121,0
DA:123,0
DA:141,0
DA:142,0
DA:143,0
DA:145,0
DA:148,0
DA:149,0
DA:155,0
DA:166,0
DA:167,0
DA:168,0
DA:170,0
DA:171,0
DA:178,0
DA:179,0
DA:182,0
DA:184,0
DA:185,0
DA:190,0
DA:191,0
DA:193,0
DA:194,0
DA:204,0
DA:209,0
DA:211,0
DA:212,0
DA:216,0
DA:217,0
DA:218,0
DA:220,0
DA:233,0
DA:235,0
DA:236,0
DA:240,0
LF:81
LH:0
BRDA:27,0,0,0
BRDA:27,0,1,0
BRDA:61,1,0,0
BRDA:61,1,1,0
BRDA:102,2,0,0
BRDA:102,2,1,0
BRDA:116,3,0,0
BRDA:116,3,1,0
BRDA:128,4,0,0
BRDA:128,4,1,0
BRDA:135,5,0,0
BRDA:135,5,1,0
BRDA:178,6,0,0
BRDA:178,6,1,0
BRF:14
BRH:0
end_of_record
TN:
SF:backend\routes\searchApi.js
FN:13,validateAndGenerateImageUrl
FN:32,sanitizeAltText
FN:40,addImageUrls
FN:41,(anonymous_3)
FN:49,(anonymous_4)
FN:52,(anonymous_5)
FN:60,(anonymous_6)
FN:97,(anonymous_7)
FN:146,(anonymous_8)
FNF:9
FNH:0
FNDA:0,validateAndGenerateImageUrl
FNDA:0,sanitizeAltText
FNDA:0,addImageUrls
FNDA:0,(anonymous_3)
FNDA:0,(anonymous_4)
FNDA:0,(anonymous_5)
FNDA:0,(anonymous_6)
FNDA:0,(anonymous_7)
FNDA:0,(anonymous_8)
DA:1,0
DA:2,0
DA:5,0
DA:6,0
DA:7,0
DA:10,0
DA:14,0
DA:15,0
DA:18,0
DA:19,0
DA:20,0
DA:21,0
DA:24,0
DA:25,0
DA:26,0
DA:29,0
DA:33,0
DA:34,0
DA:36,0
DA:41,0
DA:49,0
DA:50,0
DA:51,0
DA:52,0
DA:54,0
DA:55,0
DA:60,0
DA:61,0
DA:62,0
DA:79,0
DA:82,0
DA:83,0
DA:88,0
DA:98,0
DA:99,0
DA:101,0
DA:128,0
DA:130,0
DA:131,0
DA:137,0
DA:147,0
DA:148,0
DA:149,0
DA:150,0
DA:152,0
DA:153,0
DA:160,0
DA:161,0
DA:162,0
DA:165,0
DA:166,0
DA:167,0
DA:170,0
DA:171,0
DA:172,0
DA:176,0
DA:178,0
DA:180,0
DA:181,0
DA:182,0
DA:183,0
DA:186,0
DA:189,0
DA:191,0
DA:192,0
DA:197,0
LF:66
LH:0
BRDA:14,0,0,0
BRDA:14,0,1,0
BRDA:14,1,0,0
BRDA:14,1,1,0
BRDA:19,2,0,0
BRDA:19,2,1,0
BRDA:24,3,0,0
BRDA:24,3,1,0
BRDA:24,4,0,0
BRDA:24,4,1,0
BRDA:24,4,2,0
BRDA:33,5,0,0
BRDA:33,5,1,0
BRDA:33,6,0,0
BRDA:33,6,1,0
BRDA:34,7,0,0
BRDA:34,7,1,0
BRDA:149,8,0,0
BRDA:149,8,1,0
BRDA:160,9,0,0
BRDA:160,9,1,0
BRDA:165,10,0,0
BRDA:165,10,1,0
BRDA:170,11,0,0
BRDA:170,11,1,0
BRDA:178,12,0,0
BRDA:178,12,1,0
BRDA:178,13,0,0
BRDA:178,13,1,0
BRDA:178,13,2,0
BRDA:178,13,3,0
BRF:31
BRH:0
end_of_record
TN:
SF:backend\routes\selectedResApi.js
FN:20,validateAndGenerateImageUrl
FN:41,getCurrentSGTDate
FN:56,(anonymous_2)
FN:69,sanitizeAltText
FN:78,sanitizeString
FN:95,(anonymous_5)
FN:180,(anonymous_6)
FN:222,(anonymous_7)
FN:248,(anonymous_8)
FN:265,(anonymous_9)
FN:404,(anonymous_10)
FN:427,(anonymous_11)
FN:559,(anonymous_12)
FN:593,(anonymous_13)
FN:665,(anonymous_14)
FN:687,(anonymous_15)
FN:721,(anonymous_16)
FN:739,(anonymous_17)
FN:769,(anonymous_18)
FN:795,(anonymous_19)
FN:819,(anonymous_20)
FNF:21
FNH:0
FNDA:0,validateAndGenerateImageUrl
FNDA:0,getCurrentSGTDate
FNDA:0,(anonymous_2)
FNDA:0,sanitizeAltText
FNDA:0,sanitizeString
FNDA:0,(anonymous_5)
FNDA:0,(anonymous_6)
FNDA:0,(anonymous_7)
FNDA:0,(anonymous_8)
FNDA:0,(anonymous_9)
FNDA:0,(anonymous_10)
FNDA:0,(anonymous_11)
FNDA:0,(anonymous_12)
FNDA:0,(anonymous_13)
FNDA:0,(anonymous_14)
FNDA:0,(anonymous_15)
FNDA:0,(anonymous_16)
FNDA:0,(anonymous_17)
FNDA:0,(anonymous_18)
FNDA:0,(anonymous_19)
FNDA:0,(anonymous_20)
DA:1,0
DA:2,0
DA:3,0
DA:4,0
DA:5,0
DA:6,0
DA:7,0
DA:8,0
DA:11,0
DA:21,0
DA:22,0
DA:26,0
DA:27,0
DA:28,0
DA:29,0
DA:33,0
DA:34,0
DA:35,0
DA:38,0
DA:42,0
DA:44,0
DA:55,0
DA:56,0
DA:59,0
DA:70,0
DA:71,0
DA:74,0
DA:79,0
DA:80,0
DA:83,0
DA:89,0
DA:90,0
DA:91,0
DA:92,0
DA:95,0
DA:96,0
DA:98,0
DA:100,0
DA:101,0
DA:108,0
DA:109,0
DA:117,0
DA:119,0
DA:120,0
DA:121,0
DA:127,0
DA:153,0
DA:173,0
DA:174,0
DA:180,0
DA:207,0
DA:212,0
DA:215,0
DA:216,0
DA:222,0
DA:223,0
DA:224,0
DA:227,0
DA:228,0
DA:229,0
DA:232,0
DA:237,0
DA:238,0
DA:242,0
DA:248,0
DA:249,0
DA:250,0
DA:251,0
DA:257,0
DA:259,0
DA:260,0
DA:265,0
DA:266,0
DA:267,0
DA:268,0
DA:269,0
DA:270,0
DA:271,0
DA:272,0
DA:273,0
DA:274,0
DA:275,0
DA:276,0
DA:277,0
DA:279,0
DA:280,0
DA:282,0
DA:291,0
DA:293,0
DA:294,0
DA:296,0
DA:297,0
DA:301,0
DA:307,0
DA:308,0
DA:312,0
DA:317,0
DA:318,0
DA:322,0
DA:326,0
DA:328,0
DA:329,0
DA:335,0
DA:339,0
DA:342,0
DA:350,0
DA:357,0
DA:360,0
DA:361,0
DA:364,0
DA:392,0
DA:395,0
DA:396,0
DA:401,0
DA:405,0
DA:406,0
DA:409,0
DA:415,0
DA:416,0
DA:419,0
DA:420,0
DA:423,0
DA:424,0
DA:426,0
DA:427,0
DA:428,0
DA:429,0
DA:433,0
DA:438,0
DA:445,0
DA:446,0
DA:449,0
DA:457,0
DA:458,0
DA:460,0
DA:467,0
DA:468,0
DA:474,0
DA:480,0
DA:484,0
DA:487,0
DA:488,0
DA:492,0
DA:498,0
DA:512,0
DA:519,0
DA:520,0
DA:521,0
DA:523,0
DA:551,0
DA:554,0
DA:555,0
DA:559,0
DA:560,0
DA:561,0
DA:562,0
DA:563,0
DA:570,0
DA:572,0
DA:578,0
DA:584,0
DA:585,0
DA:588,0
DA:593,0
DA:594,0
DA:607,0
DA:609,0
DA:610,0
DA:612,0
DA:614,0
DA:620,0
DA:625,0
DA:626,0
DA:628,0
DA:629,0
DA:656,0
DA:665,0
DA:666,0
DA:667,0
DA:669,0
DA:671,0
DA:679,0
DA:681,0
DA:682,0
DA:687,0
DA:688,0
DA:689,0
DA:691,0
DA:693,0
DA:702,0
DA:703,0
DA:706,0
DA:708,0
DA:711,0
DA:713,0
DA:715,0
DA:716,0
DA:721,0
DA:722,0
DA:723,0
DA:724,0
DA:730,0
DA:733,0
DA:734,0
DA:739,0
DA:740,0
DA:741,0
DA:742,0
DA:745,0
DA:746,0
DA:752,0
DA:757,0
DA:758,0
DA:761,0
DA:763,0
DA:764,0
DA:769,0
DA:770,0
DA:771,0
DA:772,0
DA:775,0
DA:776,0
DA:781,0
DA:782,0
DA:785,0
DA:786,0
DA:789,0
DA:790,0
DA:795,0
DA:796,0
DA:798,0
DA:800,0
DA:801,0
DA:807,0
DA:808,0
DA:810,0
DA:813,0
DA:814,0
DA:819,0
DA:820,0
DA:822,0
DA:823,0
DA:824,0
DA:825,0
DA:826,0
DA:828,0
DA:829,0
DA:832,0
DA:833,0
DA:834,0
DA:836,0
DA:842,0
DA:843,0
DA:846,0
DA:852,0
DA:855,0
DA:856,0
DA:860,0
LF:258
LH:0
BRDA:21,0,0,0
BRDA:21,0,1,0
BRDA:21,1,0,0
BRDA:21,1,1,0
BRDA:27,2,0,0
BRDA:27,2,1,0
BRDA:33,3,0,0
BRDA:33,3,1,0
BRDA:33,4,0,0
BRDA:33,4,1,0
BRDA:33,4,2,0
BRDA:70,5,0,0
BRDA:70,5,1,0
BRDA:70,6,0,0
BRDA:70,6,1,0
BRDA:71,7,0,0
BRDA:71,7,1,0
BRDA:79,8,0,0
BRDA:79,8,1,0
BRDA:79,9,0,0
BRDA:79,9,1,0
BRDA:100,10,0,0
BRDA:100,10,1,0
BRDA:100,11,0,0
BRDA:100,11,1,0
BRDA:108,12,0,0
BRDA:108,12,1,0
BRDA:108,13,0,0
BRDA:108,13,1,0
BRDA:117,14,0,0
BRDA:117,14,1,0
BRDA:120,15,0,0
BRDA:120,15,1,0
BRDA:173,16,0,0
BRDA:173,16,1,0
BRDA:194,17,0,0
BRDA:194,17,1,0
BRDA:228,18,0,0
BRDA:228,18,1,0
BRDA:228,19,0,0
BRDA:228,19,1,0
BRDA:237,20,0,0
BRDA:237,20,1,0
BRDA:250,21,0,0
BRDA:250,21,1,0
BRDA:296,22,0,0
BRDA:296,22,1,0
BRDA:307,23,0,0
BRDA:307,23,1,0
BRDA:317,24,0,0
BRDA:317,24,1,0
BRDA:328,25,0,0
BRDA:328,25,1,0
BRDA:385,26,0,0
BRDA:385,26,1,0
BRDA:415,27,0,0
BRDA:415,27,1,0
BRDA:419,28,0,0
BRDA:419,28,1,0
BRDA:427,29,0,0
BRDA:427,29,1,0
BRDA:428,30,0,0
BRDA:428,30,1,0
BRDA:429,31,0,0
BRDA:429,31,1,0
BRDA:433,32,0,0
BRDA:433,32,1,0
BRDA:433,32,2,0
BRDA:433,32,3,0
BRDA:445,33,0,0
BRDA:445,33,1,0
BRDA:467,34,0,0
BRDA:467,34,1,0
BRDA:487,35,0,0
BRDA:487,35,1,0
BRDA:520,36,0,0
BRDA:520,36,1,0
BRDA:521,37,0,0
BRDA:521,37,1,0
BRDA:544,38,0,0
BRDA:544,38,1,0
BRDA:584,39,0,0
BRDA:584,39,1,0
BRDA:609,40,0,0
BRDA:609,40,1,0
BRDA:628,41,0,0
BRDA:628,41,1,0
BRDA:650,42,0,0
BRDA:650,42,1,0
BRDA:702,43,0,0
BRDA:702,43,1,0
BRDA:711,44,0,0
BRDA:711,44,1,0
BRDA:745,45,0,0
BRDA:745,45,1,0
BRDA:757,46,0,0
BRDA:757,46,1,0
BRDA:771,47,0,0
BRDA:771,47,1,0
BRDA:781,48,0,0
BRDA:781,48,1,0
BRDA:807,49,0,0
BRDA:807,49,1,0
BRDA:828,50,0,0
BRDA:828,50,1,0
BRDA:828,51,0,0
BRDA:828,51,1,0
BRDA:828,51,2,0
BRDA:828,51,3,0
BRDA:842,52,0,0
BRDA:842,52,1,0
BRF:111
BRH:0
end_of_record
TN:
SF:backend\routes\userProfileApi.js
FN:14,(anonymous_0)
FN:42,(anonymous_1)
FN:69,(anonymous_2)
FN:95,(anonymous_3)
FN:172,(anonymous_4)
FN:190,(anonymous_5)
FN:212,(anonymous_6)
FN:234,(anonymous_7)
FNF:8
FNH:0
FNDA:0,(anonymous_0)
FNDA:0,(anonymous_1)
FNDA:0,(anonymous_2)
FNDA:0,(anonymous_3)
FNDA:0,(anonymous_4)
FNDA:0,(anonymous_5)
FNDA:0,(anonymous_6)
FNDA:0,(anonymous_7)
DA:1,0
DA:2,0
DA:3,0
DA:4,0
DA:5,0
DA:7,0
DA:8,0
DA:9,0
DA:11,0
DA:14,0
DA:15,0
DA:16,0
DA:17,0
DA:20,0
DA:21,0
DA:26,0
DA:27,0
DA:30,0
DA:31,0
DA:32,0
DA:35,0
DA:36,0
DA:42,0
DA:43,0
DA:44,0
DA:45,0
DA:48,0
DA:49,0
DA:60,0
DA:62,0
DA:63,0
DA:69,0
DA:70,0
DA:71,0
DA:72,0
DA:75,0
DA:76,0
DA:86,0
DA:88,0
DA:89,0
DA:95,0
DA:96,0
DA:97,0
DA:99,0
DA:100,0
DA:106,0
DA:107,0
DA:109,0
DA:110,0
DA:113,0
DA:116,0
DA:117,0
DA:118,0
DA:120,0
DA:122,0
DA:123,0
DA:128,0
DA:129,0
DA:132,0
DA:133,0
DA:137,0
DA:138,0
DA:140,0
DA:145,0
DA:147,0
DA:148,0
DA:172,0
DA:173,0
DA:174,0
DA:176,0
DA:177,0
DA:180,0
DA:181,0
DA:182,0
DA:184,0
DA:185,0
DA:190,0
DA:191,0
DA:192,0
DA:194,0
DA:195,0
DA:198,0
DA:199,0
DA:202,0
DA:203,0
DA:204,0
DA:206,0
DA:207,0
DA:212,0
DA:213,0
DA:214,0
DA:216,0
DA:217,0
DA:220,0
DA:221,0
DA:224,0
DA:225,0
DA:226,0
DA:228,0
DA:229,0
DA:234,0
DA:235,0
DA:236,0
DA:237,0
DA:239,0
DA:240,0
DA:244,0
DA:252,0
DA:253,0
DA:256,0
DA:259,0
DA:260,0
DA:262,0
DA:263,0
DA:267,0
DA:268,0
DA:269,0
DA:270,0
DA:271,0
DA:274,0
DA:280,0
DA:285,0
DA:288,0
DA:289,0
DA:316,0
LF:125
LH:0
BRDA:16,0,0,0
BRDA:16,0,1,0
BRDA:26,1,0,0
BRDA:26,1,1,0
BRDA:44,2,0,0
BRDA:44,2,1,0
BRDA:71,3,0,0
BRDA:71,3,1,0
BRDA:99,4,0,0
BRDA:99,4,1,0
BRDA:109,5,0,0
BRDA:109,5,1,0
BRDA:122,6,0,0
BRDA:122,6,1,0
BRDA:128,7,0,0
BRDA:128,7,1,0
BRDA:128,8,0,0
BRDA:128,8,1,0
BRDA:132,9,0,0
BRDA:132,9,1,0
BRDA:132,10,0,0
BRDA:132,10,1,0
BRDA:176,11,0,0
BRDA:176,11,1,0
BRDA:176,12,0,0
BRDA:176,12,1,0
BRDA:194,13,0,0
BRDA:194,13,1,0
BRDA:194,14,0,0
BRDA:194,14,1,0
BRDA:198,15,0,0
BRDA:198,15,1,0
BRDA:216,16,0,0
BRDA:216,16,1,0
BRDA:216,17,0,0
BRDA:216,17,1,0
BRDA:220,18,0,0
BRDA:220,18,1,0
BRDA:239,19,0,0
BRDA:239,19,1,0
BRDA:252,20,0,0
BRDA:252,20,1,0
BRDA:262,21,0,0
BRDA:262,21,1,0
BRF:44
BRH:0
end_of_record
